mode: atomic
github.com/LogicIQ/konductor/sdk/go/client/client.go:53.40,54.16 1 0
github.com/LogicIQ/konductor/sdk/go/client/client.go:54.16,56.3 1 0
github.com/LogicIQ/konductor/sdk/go/client/client.go:59.2,60.16 2 0
github.com/LogicIQ/konductor/sdk/go/client/client.go:60.16,62.3 1 0
github.com/LogicIQ/konductor/sdk/go/client/client.go:65.2,66.51 2 0
github.com/LogicIQ/konductor/sdk/go/client/client.go:66.51,68.3 1 0
github.com/LogicIQ/konductor/sdk/go/client/client.go:71.2,72.16 2 0
github.com/LogicIQ/konductor/sdk/go/client/client.go:72.16,74.3 1 0
github.com/LogicIQ/konductor/sdk/go/client/client.go:76.2,77.21 2 0
github.com/LogicIQ/konductor/sdk/go/client/client.go:77.21,79.3 1 0
github.com/LogicIQ/konductor/sdk/go/client/client.go:81.2,84.8 1 0
github.com/LogicIQ/konductor/sdk/go/client/client.go:93.71,94.21 1 3
github.com/LogicIQ/konductor/sdk/go/client/client.go:94.21,96.3 1 1
github.com/LogicIQ/konductor/sdk/go/client/client.go:97.2,100.3 1 3
github.com/LogicIQ/konductor/sdk/go/client/client.go:104.37,106.2 1 4
github.com/LogicIQ/konductor/sdk/go/client/client.go:115.58,120.2 1 1
github.com/LogicIQ/konductor/sdk/go/client/client.go:124.44,126.2 1 3
github.com/LogicIQ/konductor/sdk/go/client/client.go:129.102,132.2 1 0
github.com/LogicIQ/konductor/sdk/go/client/client.go:135.105,138.2 1 0
github.com/LogicIQ/konductor/sdk/go/client/client.go:141.82,144.2 1 0
github.com/LogicIQ/konductor/sdk/go/client/client.go:147.92,150.2 1 0
github.com/LogicIQ/konductor/sdk/go/client/client.go:180.34,182.2 1 0
github.com/LogicIQ/konductor/sdk/go/client/client.go:185.34,187.2 1 0
github.com/LogicIQ/konductor/sdk/go/client/client.go:190.32,192.2 1 0
github.com/LogicIQ/konductor/sdk/go/client/client.go:200.40,201.26 1 1
github.com/LogicIQ/konductor/sdk/go/client/client.go:201.26,203.3 1 1
github.com/LogicIQ/konductor/sdk/go/client/client.go:212.48,213.26 1 1
github.com/LogicIQ/konductor/sdk/go/client/client.go:213.26,215.3 1 1
github.com/LogicIQ/konductor/sdk/go/client/client.go:224.42,225.26 1 1
github.com/LogicIQ/konductor/sdk/go/client/client.go:225.26,227.3 1 1
github.com/LogicIQ/konductor/sdk/go/client/client.go:236.39,237.26 1 1
github.com/LogicIQ/konductor/sdk/go/client/client.go:237.26,239.3 1 1
github.com/LogicIQ/konductor/api/v1/zz_generated.deepcopy.go:13.47,19.2 5 0
github.com/LogicIQ/konductor/api/v1/zz_generated.deepcopy.go:22.40,23.15 1 0
github.com/LogicIQ/konductor/api/v1/zz_generated.deepcopy.go:23.15,25.3 1 0
github.com/LogicIQ/konductor/api/v1/zz_generated.deepcopy.go:26.2,28.12 3 0
github.com/LogicIQ/konductor/api/v1/zz_generated.deepcopy.go:32.52,33.34 1 0
github.com/LogicIQ/konductor/api/v1/zz_generated.deepcopy.go:33.34,35.3 1 0
github.com/LogicIQ/konductor/api/v1/zz_generated.deepcopy.go:36.2,36.12 1 0
github.com/LogicIQ/konductor/api/v1/zz_generated.deepcopy.go:40.55,44.21 4 0
github.com/LogicIQ/konductor/api/v1/zz_generated.deepcopy.go:44.21,47.22 3 0
github.com/LogicIQ/konductor/api/v1/zz_generated.deepcopy.go:47.22,49.4 1 0
github.com/LogicIQ/konductor/api/v1/zz_generated.deepcopy.go:54.48,55.15 1 0
github.com/LogicIQ/konductor/api/v1/zz_generated.deepcopy.go:55.15,57.3 1 0
github.com/LogicIQ/konductor/api/v1/zz_generated.deepcopy.go:58.2,60.12 3 0
github.com/LogicIQ/konductor/api/v1/zz_generated.deepcopy.go:64.56,65.34 1 0
github.com/LogicIQ/konductor/api/v1/zz_generated.deepcopy.go:65.34,67.3 1 0
github.com/LogicIQ/konductor/api/v1/zz_generated.deepcopy.go:68.2,68.12 1 0
github.com/LogicIQ/konductor/api/v1/zz_generated.deepcopy.go:72.55,74.2 1 0
github.com/LogicIQ/konductor/api/v1/zz_generated.deepcopy.go:77.48,78.15 1 0
github.com/LogicIQ/konductor/api/v1/zz_generated.deepcopy.go:78.15,80.3 1 0
github.com/LogicIQ/konductor/api/v1/zz_generated.deepcopy.go:81.2,83.12 3 0
github.com/LogicIQ/konductor/api/v1/zz_generated.deepcopy.go:87.59,89.25 2 0
github.com/LogicIQ/konductor/api/v1/zz_generated.deepcopy.go:89.25,92.3 2 0
github.com/LogicIQ/konductor/api/v1/zz_generated.deepcopy.go:93.2,93.26 1 0
github.com/LogicIQ/konductor/api/v1/zz_generated.deepcopy.go:93.26,96.22 3 0
github.com/LogicIQ/konductor/api/v1/zz_generated.deepcopy.go:96.22,98.4 1 0
github.com/LogicIQ/konductor/api/v1/zz_generated.deepcopy.go:103.52,104.15 1 0
github.com/LogicIQ/konductor/api/v1/zz_generated.deepcopy.go:104.15,106.3 1 0
github.com/LogicIQ/konductor/api/v1/zz_generated.deepcopy.go:107.2,109.12 3 0
github.com/LogicIQ/konductor/api/v1/zz_generated.deepcopy.go:113.47,119.2 5 0
github.com/LogicIQ/konductor/api/v1/zz_generated.deepcopy.go:122.40,123.15 1 0
github.com/LogicIQ/konductor/api/v1/zz_generated.deepcopy.go:123.15,125.3 1 0
github.com/LogicIQ/konductor/api/v1/zz_generated.deepcopy.go:126.2,128.12 3 0
github.com/LogicIQ/konductor/api/v1/zz_generated.deepcopy.go:132.52,133.34 1 0
github.com/LogicIQ/konductor/api/v1/zz_generated.deepcopy.go:133.34,135.3 1 0
github.com/LogicIQ/konductor/api/v1/zz_generated.deepcopy.go:136.2,136.12 1 0
github.com/LogicIQ/konductor/api/v1/zz_generated.deepcopy.go:140.55,144.21 4 0
github.com/LogicIQ/konductor/api/v1/zz_generated.deepcopy.go:144.21,147.22 3 0
github.com/LogicIQ/konductor/api/v1/zz_generated.deepcopy.go:147.22,149.4 1 0
github.com/LogicIQ/konductor/api/v1/zz_generated.deepcopy.go:154.48,155.15 1 0
github.com/LogicIQ/konductor/api/v1/zz_generated.deepcopy.go:155.15,157.3 1 0
github.com/LogicIQ/konductor/api/v1/zz_generated.deepcopy.go:158.2,160.12 3 0
github.com/LogicIQ/konductor/api/v1/zz_generated.deepcopy.go:164.56,165.34 1 0
github.com/LogicIQ/konductor/api/v1/zz_generated.deepcopy.go:165.34,167.3 1 0
github.com/LogicIQ/konductor/api/v1/zz_generated.deepcopy.go:168.2,168.12 1 0
github.com/LogicIQ/konductor/api/v1/zz_generated.deepcopy.go:172.55,174.23 2 0
github.com/LogicIQ/konductor/api/v1/zz_generated.deepcopy.go:174.23,178.3 3 0
github.com/LogicIQ/konductor/api/v1/zz_generated.deepcopy.go:179.2,179.22 1 0
github.com/LogicIQ/konductor/api/v1/zz_generated.deepcopy.go:179.22,183.3 3 0
github.com/LogicIQ/konductor/api/v1/zz_generated.deepcopy.go:187.48,188.15 1 0
github.com/LogicIQ/konductor/api/v1/zz_generated.deepcopy.go:188.15,190.3 1 0
github.com/LogicIQ/konductor/api/v1/zz_generated.deepcopy.go:191.2,193.12 3 0
github.com/LogicIQ/konductor/api/v1/zz_generated.deepcopy.go:197.59,199.24 2 0
github.com/LogicIQ/konductor/api/v1/zz_generated.deepcopy.go:199.24,203.3 3 0
github.com/LogicIQ/konductor/api/v1/zz_generated.deepcopy.go:204.2,204.24 1 0
github.com/LogicIQ/konductor/api/v1/zz_generated.deepcopy.go:204.24,207.3 2 0
github.com/LogicIQ/konductor/api/v1/zz_generated.deepcopy.go:208.2,208.26 1 0
github.com/LogicIQ/konductor/api/v1/zz_generated.deepcopy.go:208.26,211.22 3 0
github.com/LogicIQ/konductor/api/v1/zz_generated.deepcopy.go:211.22,213.4 1 0
github.com/LogicIQ/konductor/api/v1/zz_generated.deepcopy.go:218.52,219.15 1 0
github.com/LogicIQ/konductor/api/v1/zz_generated.deepcopy.go:219.15,221.3 1 0
github.com/LogicIQ/konductor/api/v1/zz_generated.deepcopy.go:222.2,224.12 3 0
github.com/LogicIQ/konductor/api/v1/zz_generated.deepcopy.go:228.41,234.2 5 0
github.com/LogicIQ/konductor/api/v1/zz_generated.deepcopy.go:237.34,238.15 1 0
github.com/LogicIQ/konductor/api/v1/zz_generated.deepcopy.go:238.15,240.3 1 0
github.com/LogicIQ/konductor/api/v1/zz_generated.deepcopy.go:241.2,243.12 3 0
github.com/LogicIQ/konductor/api/v1/zz_generated.deepcopy.go:247.49,248.34 1 0
github.com/LogicIQ/konductor/api/v1/zz_generated.deepcopy.go:248.34,250.3 1 0
github.com/LogicIQ/konductor/api/v1/zz_generated.deepcopy.go:251.2,251.12 1 0
github.com/LogicIQ/konductor/api/v1/zz_generated.deepcopy.go:255.59,257.21 2 0
github.com/LogicIQ/konductor/api/v1/zz_generated.deepcopy.go:257.21,261.3 3 0
github.com/LogicIQ/konductor/api/v1/zz_generated.deepcopy.go:265.52,266.15 1 0
github.com/LogicIQ/konductor/api/v1/zz_generated.deepcopy.go:266.15,268.3 1 0
github.com/LogicIQ/konductor/api/v1/zz_generated.deepcopy.go:269.2,271.12 3 0
github.com/LogicIQ/konductor/api/v1/zz_generated.deepcopy.go:275.71,277.2 1 0
github.com/LogicIQ/konductor/api/v1/zz_generated.deepcopy.go:280.64,281.15 1 0
github.com/LogicIQ/konductor/api/v1/zz_generated.deepcopy.go:281.15,283.3 1 0
github.com/LogicIQ/konductor/api/v1/zz_generated.deepcopy.go:284.2,286.12 3 0
github.com/LogicIQ/konductor/api/v1/zz_generated.deepcopy.go:290.49,294.21 4 0
github.com/LogicIQ/konductor/api/v1/zz_generated.deepcopy.go:294.21,297.22 3 0
github.com/LogicIQ/konductor/api/v1/zz_generated.deepcopy.go:297.22,299.4 1 0
github.com/LogicIQ/konductor/api/v1/zz_generated.deepcopy.go:304.42,305.15 1 0
github.com/LogicIQ/konductor/api/v1/zz_generated.deepcopy.go:305.15,307.3 1 0
github.com/LogicIQ/konductor/api/v1/zz_generated.deepcopy.go:308.2,310.12 3 0
github.com/LogicIQ/konductor/api/v1/zz_generated.deepcopy.go:314.53,315.34 1 0
github.com/LogicIQ/konductor/api/v1/zz_generated.deepcopy.go:315.34,317.3 1 0
github.com/LogicIQ/konductor/api/v1/zz_generated.deepcopy.go:318.2,318.12 1 0
github.com/LogicIQ/konductor/api/v1/zz_generated.deepcopy.go:322.49,324.26 2 0
github.com/LogicIQ/konductor/api/v1/zz_generated.deepcopy.go:324.26,327.22 3 0
github.com/LogicIQ/konductor/api/v1/zz_generated.deepcopy.go:327.22,329.4 1 0
github.com/LogicIQ/konductor/api/v1/zz_generated.deepcopy.go:331.2,331.23 1 0
github.com/LogicIQ/konductor/api/v1/zz_generated.deepcopy.go:331.23,335.3 3 0
github.com/LogicIQ/konductor/api/v1/zz_generated.deepcopy.go:339.42,340.15 1 0
github.com/LogicIQ/konductor/api/v1/zz_generated.deepcopy.go:340.15,342.3 1 0
github.com/LogicIQ/konductor/api/v1/zz_generated.deepcopy.go:343.2,345.12 3 0
github.com/LogicIQ/konductor/api/v1/zz_generated.deepcopy.go:349.53,351.33 2 0
github.com/LogicIQ/konductor/api/v1/zz_generated.deepcopy.go:351.33,355.3 3 0
github.com/LogicIQ/konductor/api/v1/zz_generated.deepcopy.go:356.2,356.24 1 0
github.com/LogicIQ/konductor/api/v1/zz_generated.deepcopy.go:356.24,359.3 2 0
github.com/LogicIQ/konductor/api/v1/zz_generated.deepcopy.go:360.2,360.26 1 0
github.com/LogicIQ/konductor/api/v1/zz_generated.deepcopy.go:360.26,363.22 3 0
github.com/LogicIQ/konductor/api/v1/zz_generated.deepcopy.go:363.22,365.4 1 0
github.com/LogicIQ/konductor/api/v1/zz_generated.deepcopy.go:370.46,371.15 1 0
github.com/LogicIQ/konductor/api/v1/zz_generated.deepcopy.go:371.15,373.3 1 0
github.com/LogicIQ/konductor/api/v1/zz_generated.deepcopy.go:374.2,376.12 3 0
github.com/LogicIQ/konductor/api/v1/zz_generated.deepcopy.go:380.43,386.2 5 0
github.com/LogicIQ/konductor/api/v1/zz_generated.deepcopy.go:389.36,390.15 1 0
github.com/LogicIQ/konductor/api/v1/zz_generated.deepcopy.go:390.15,392.3 1 0
github.com/LogicIQ/konductor/api/v1/zz_generated.deepcopy.go:393.2,395.12 3 0
github.com/LogicIQ/konductor/api/v1/zz_generated.deepcopy.go:399.50,400.34 1 0
github.com/LogicIQ/konductor/api/v1/zz_generated.deepcopy.go:400.34,402.3 1 0
github.com/LogicIQ/konductor/api/v1/zz_generated.deepcopy.go:403.2,403.12 1 0
github.com/LogicIQ/konductor/api/v1/zz_generated.deepcopy.go:407.51,411.21 4 0
github.com/LogicIQ/konductor/api/v1/zz_generated.deepcopy.go:411.21,414.22 3 0
github.com/LogicIQ/konductor/api/v1/zz_generated.deepcopy.go:414.22,416.4 1 0
github.com/LogicIQ/konductor/api/v1/zz_generated.deepcopy.go:421.44,422.15 1 0
github.com/LogicIQ/konductor/api/v1/zz_generated.deepcopy.go:422.15,424.3 1 0
github.com/LogicIQ/konductor/api/v1/zz_generated.deepcopy.go:425.2,427.12 3 0
github.com/LogicIQ/konductor/api/v1/zz_generated.deepcopy.go:431.54,432.34 1 0
github.com/LogicIQ/konductor/api/v1/zz_generated.deepcopy.go:432.34,434.3 1 0
github.com/LogicIQ/konductor/api/v1/zz_generated.deepcopy.go:435.2,435.12 1 0
github.com/LogicIQ/konductor/api/v1/zz_generated.deepcopy.go:439.57,445.2 5 0
github.com/LogicIQ/konductor/api/v1/zz_generated.deepcopy.go:448.50,449.15 1 0
github.com/LogicIQ/konductor/api/v1/zz_generated.deepcopy.go:449.15,451.3 1 0
github.com/LogicIQ/konductor/api/v1/zz_generated.deepcopy.go:452.2,454.12 3 0
github.com/LogicIQ/konductor/api/v1/zz_generated.deepcopy.go:458.57,459.34 1 0
github.com/LogicIQ/konductor/api/v1/zz_generated.deepcopy.go:459.34,461.3 1 0
github.com/LogicIQ/konductor/api/v1/zz_generated.deepcopy.go:462.2,462.12 1 0
github.com/LogicIQ/konductor/api/v1/zz_generated.deepcopy.go:466.65,470.21 4 0
github.com/LogicIQ/konductor/api/v1/zz_generated.deepcopy.go:470.21,473.22 3 0
github.com/LogicIQ/konductor/api/v1/zz_generated.deepcopy.go:473.22,475.4 1 0
github.com/LogicIQ/konductor/api/v1/zz_generated.deepcopy.go:480.58,481.15 1 0
github.com/LogicIQ/konductor/api/v1/zz_generated.deepcopy.go:481.15,483.3 1 0
github.com/LogicIQ/konductor/api/v1/zz_generated.deepcopy.go:484.2,486.12 3 0
github.com/LogicIQ/konductor/api/v1/zz_generated.deepcopy.go:490.61,491.34 1 0
github.com/LogicIQ/konductor/api/v1/zz_generated.deepcopy.go:491.34,493.3 1 0
github.com/LogicIQ/konductor/api/v1/zz_generated.deepcopy.go:494.2,494.12 1 0
github.com/LogicIQ/konductor/api/v1/zz_generated.deepcopy.go:498.65,500.24 2 0
github.com/LogicIQ/konductor/api/v1/zz_generated.deepcopy.go:500.24,504.3 3 0
github.com/LogicIQ/konductor/api/v1/zz_generated.deepcopy.go:508.58,509.15 1 0
github.com/LogicIQ/konductor/api/v1/zz_generated.deepcopy.go:509.15,511.3 1 0
github.com/LogicIQ/konductor/api/v1/zz_generated.deepcopy.go:512.2,514.12 3 0
github.com/LogicIQ/konductor/api/v1/zz_generated.deepcopy.go:518.69,520.27 2 0
github.com/LogicIQ/konductor/api/v1/zz_generated.deepcopy.go:520.27,523.3 2 0
github.com/LogicIQ/konductor/api/v1/zz_generated.deepcopy.go:524.2,524.26 1 0
github.com/LogicIQ/konductor/api/v1/zz_generated.deepcopy.go:524.26,527.22 3 0
github.com/LogicIQ/konductor/api/v1/zz_generated.deepcopy.go:527.22,529.4 1 0
github.com/LogicIQ/konductor/api/v1/zz_generated.deepcopy.go:534.62,535.15 1 0
github.com/LogicIQ/konductor/api/v1/zz_generated.deepcopy.go:535.15,537.3 1 0
github.com/LogicIQ/konductor/api/v1/zz_generated.deepcopy.go:538.2,540.12 3 0
github.com/LogicIQ/konductor/api/v1/zz_generated.deepcopy.go:544.51,547.24 3 0
github.com/LogicIQ/konductor/api/v1/zz_generated.deepcopy.go:547.24,551.3 3 0
github.com/LogicIQ/konductor/api/v1/zz_generated.deepcopy.go:555.44,556.15 1 0
github.com/LogicIQ/konductor/api/v1/zz_generated.deepcopy.go:556.15,558.3 1 0
github.com/LogicIQ/konductor/api/v1/zz_generated.deepcopy.go:559.2,561.12 3 0
github.com/LogicIQ/konductor/api/v1/zz_generated.deepcopy.go:565.55,567.26 2 0
github.com/LogicIQ/konductor/api/v1/zz_generated.deepcopy.go:567.26,570.3 2 0
github.com/LogicIQ/konductor/api/v1/zz_generated.deepcopy.go:571.2,571.25 1 0
github.com/LogicIQ/konductor/api/v1/zz_generated.deepcopy.go:571.25,574.3 2 0
github.com/LogicIQ/konductor/api/v1/zz_generated.deepcopy.go:575.2,575.26 1 0
github.com/LogicIQ/konductor/api/v1/zz_generated.deepcopy.go:575.26,578.22 3 0
github.com/LogicIQ/konductor/api/v1/zz_generated.deepcopy.go:578.22,580.4 1 0
github.com/LogicIQ/konductor/api/v1/zz_generated.deepcopy.go:585.48,586.15 1 0
github.com/LogicIQ/konductor/api/v1/zz_generated.deepcopy.go:586.15,588.3 1 0
github.com/LogicIQ/konductor/api/v1/zz_generated.deepcopy.go:589.2,591.12 3 0
github.com/LogicIQ/konductor/api/v1/zz_generated.deepcopy.go:595.45,601.2 5 0
github.com/LogicIQ/konductor/api/v1/zz_generated.deepcopy.go:604.38,605.15 1 0
github.com/LogicIQ/konductor/api/v1/zz_generated.deepcopy.go:605.15,607.3 1 0
github.com/LogicIQ/konductor/api/v1/zz_generated.deepcopy.go:608.2,610.12 3 0
github.com/LogicIQ/konductor/api/v1/zz_generated.deepcopy.go:614.51,615.34 1 0
github.com/LogicIQ/konductor/api/v1/zz_generated.deepcopy.go:615.34,617.3 1 0
github.com/LogicIQ/konductor/api/v1/zz_generated.deepcopy.go:618.2,618.12 1 0
github.com/LogicIQ/konductor/api/v1/zz_generated.deepcopy.go:622.53,626.21 4 0
github.com/LogicIQ/konductor/api/v1/zz_generated.deepcopy.go:626.21,629.22 3 0
github.com/LogicIQ/konductor/api/v1/zz_generated.deepcopy.go:629.22,631.4 1 0
github.com/LogicIQ/konductor/api/v1/zz_generated.deepcopy.go:636.46,637.15 1 0
github.com/LogicIQ/konductor/api/v1/zz_generated.deepcopy.go:637.15,639.3 1 0
github.com/LogicIQ/konductor/api/v1/zz_generated.deepcopy.go:640.2,642.12 3 0
github.com/LogicIQ/konductor/api/v1/zz_generated.deepcopy.go:646.55,647.34 1 0
github.com/LogicIQ/konductor/api/v1/zz_generated.deepcopy.go:647.34,649.3 1 0
github.com/LogicIQ/konductor/api/v1/zz_generated.deepcopy.go:650.2,650.12 1 0
github.com/LogicIQ/konductor/api/v1/zz_generated.deepcopy.go:654.53,656.19 2 0
github.com/LogicIQ/konductor/api/v1/zz_generated.deepcopy.go:656.19,660.3 3 0
github.com/LogicIQ/konductor/api/v1/zz_generated.deepcopy.go:664.46,665.15 1 0
github.com/LogicIQ/konductor/api/v1/zz_generated.deepcopy.go:665.15,667.3 1 0
github.com/LogicIQ/konductor/api/v1/zz_generated.deepcopy.go:668.2,670.12 3 0
github.com/LogicIQ/konductor/api/v1/zz_generated.deepcopy.go:674.57,676.26 2 0
github.com/LogicIQ/konductor/api/v1/zz_generated.deepcopy.go:676.26,679.3 2 0
github.com/LogicIQ/konductor/api/v1/zz_generated.deepcopy.go:680.2,680.25 1 0
github.com/LogicIQ/konductor/api/v1/zz_generated.deepcopy.go:680.25,683.3 2 0
github.com/LogicIQ/konductor/api/v1/zz_generated.deepcopy.go:684.2,684.26 1 0
github.com/LogicIQ/konductor/api/v1/zz_generated.deepcopy.go:684.26,687.22 3 0
github.com/LogicIQ/konductor/api/v1/zz_generated.deepcopy.go:687.22,689.4 1 0
github.com/LogicIQ/konductor/api/v1/zz_generated.deepcopy.go:694.50,695.15 1 0
github.com/LogicIQ/konductor/api/v1/zz_generated.deepcopy.go:695.15,697.3 1 0
github.com/LogicIQ/konductor/api/v1/zz_generated.deepcopy.go:698.2,700.12 3 0
github.com/LogicIQ/konductor/api/v1/zz_generated.deepcopy.go:704.51,710.2 5 0
github.com/LogicIQ/konductor/api/v1/zz_generated.deepcopy.go:713.44,714.15 1 0
github.com/LogicIQ/konductor/api/v1/zz_generated.deepcopy.go:714.15,716.3 1 0
github.com/LogicIQ/konductor/api/v1/zz_generated.deepcopy.go:717.2,719.12 3 0
github.com/LogicIQ/konductor/api/v1/zz_generated.deepcopy.go:723.54,724.34 1 0
github.com/LogicIQ/konductor/api/v1/zz_generated.deepcopy.go:724.34,726.3 1 0
github.com/LogicIQ/konductor/api/v1/zz_generated.deepcopy.go:727.2,727.12 1 0
github.com/LogicIQ/konductor/api/v1/zz_generated.deepcopy.go:731.59,735.21 4 0
github.com/LogicIQ/konductor/api/v1/zz_generated.deepcopy.go:735.21,738.22 3 0
github.com/LogicIQ/konductor/api/v1/zz_generated.deepcopy.go:738.22,740.4 1 0
github.com/LogicIQ/konductor/api/v1/zz_generated.deepcopy.go:745.52,746.15 1 0
github.com/LogicIQ/konductor/api/v1/zz_generated.deepcopy.go:746.15,748.3 1 0
github.com/LogicIQ/konductor/api/v1/zz_generated.deepcopy.go:749.2,751.12 3 0
github.com/LogicIQ/konductor/api/v1/zz_generated.deepcopy.go:755.58,756.34 1 0
github.com/LogicIQ/konductor/api/v1/zz_generated.deepcopy.go:756.34,758.3 1 0
github.com/LogicIQ/konductor/api/v1/zz_generated.deepcopy.go:759.2,759.12 1 0
github.com/LogicIQ/konductor/api/v1/zz_generated.deepcopy.go:763.59,765.19 2 0
github.com/LogicIQ/konductor/api/v1/zz_generated.deepcopy.go:765.19,769.3 3 0
github.com/LogicIQ/konductor/api/v1/zz_generated.deepcopy.go:773.52,774.15 1 0
github.com/LogicIQ/konductor/api/v1/zz_generated.deepcopy.go:774.15,776.3 1 0
github.com/LogicIQ/konductor/api/v1/zz_generated.deepcopy.go:777.2,779.12 3 0
github.com/LogicIQ/konductor/api/v1/zz_generated.deepcopy.go:783.63,785.26 2 0
github.com/LogicIQ/konductor/api/v1/zz_generated.deepcopy.go:785.26,788.22 3 0
github.com/LogicIQ/konductor/api/v1/zz_generated.deepcopy.go:788.22,790.4 1 0
github.com/LogicIQ/konductor/api/v1/zz_generated.deepcopy.go:795.56,796.15 1 0
github.com/LogicIQ/konductor/api/v1/zz_generated.deepcopy.go:796.15,798.3 1 0
github.com/LogicIQ/konductor/api/v1/zz_generated.deepcopy.go:799.2,801.12 3 0
github.com/LogicIQ/konductor/cmd/main.go:32.52,34.32 2 0
github.com/LogicIQ/konductor/cmd/main.go:35.15,36.32 1 0
github.com/LogicIQ/konductor/cmd/main.go:37.14,38.31 1 0
github.com/LogicIQ/konductor/cmd/main.go:39.25,40.31 1 0
github.com/LogicIQ/konductor/cmd/main.go:41.15,42.32 1 0
github.com/LogicIQ/konductor/cmd/main.go:43.10,44.91 1 0
github.com/LogicIQ/konductor/cmd/main.go:47.2,53.23 6 0
github.com/LogicIQ/konductor/cmd/main.go:56.13,60.2 2 0
github.com/LogicIQ/konductor/cmd/main.go:62.13,77.16 11 0
github.com/LogicIQ/konductor/cmd/main.go:77.16,80.3 2 0
github.com/LogicIQ/konductor/cmd/main.go:81.2,97.16 5 0
github.com/LogicIQ/konductor/cmd/main.go:97.16,101.3 3 0
github.com/LogicIQ/konductor/cmd/main.go:103.2,106.39 1 0
github.com/LogicIQ/konductor/cmd/main.go:106.39,109.3 2 0
github.com/LogicIQ/konductor/cmd/main.go:111.2,114.39 1 0
github.com/LogicIQ/konductor/cmd/main.go:114.39,117.3 2 0
github.com/LogicIQ/konductor/cmd/main.go:119.2,122.39 1 0
github.com/LogicIQ/konductor/cmd/main.go:122.39,125.3 2 0
github.com/LogicIQ/konductor/cmd/main.go:127.2,130.39 1 0
github.com/LogicIQ/konductor/cmd/main.go:130.39,133.3 2 0
github.com/LogicIQ/konductor/cmd/main.go:137.2,137.69 1 0
github.com/LogicIQ/konductor/cmd/main.go:137.69,140.3 2 0
github.com/LogicIQ/konductor/cmd/main.go:141.2,141.67 1 0
github.com/LogicIQ/konductor/cmd/main.go:141.67,144.3 2 0
github.com/LogicIQ/konductor/cmd/main.go:146.2,148.61 3 0
github.com/LogicIQ/konductor/cmd/main.go:148.61,152.3 3 0
