mode: atomic
github.com/LogicIQ/konductor/sdk/go/lease/lease.go:28.33,29.24 1 0
github.com/LogicIQ/konductor/sdk/go/lease/lease.go:29.24,31.3 1 0
github.com/LogicIQ/konductor/sdk/go/lease/lease.go:33.2,40.67 2 0
github.com/LogicIQ/konductor/sdk/go/lease/lease.go:44.33,46.2 1 0
github.com/LogicIQ/konductor/sdk/go/lease/lease.go:49.31,51.2 1 0
github.com/LogicIQ/konductor/sdk/go/lease/lease.go:54.111,60.27 2 0
github.com/LogicIQ/konductor/sdk/go/lease/lease.go:60.27,62.3 1 0
github.com/LogicIQ/konductor/sdk/go/lease/lease.go:65.2,66.18 2 0
github.com/LogicIQ/konductor/sdk/go/lease/lease.go:66.18,68.19 2 0
github.com/LogicIQ/konductor/sdk/go/lease/lease.go:68.19,70.4 1 0
github.com/LogicIQ/konductor/sdk/go/lease/lease.go:73.2,90.26 3 0
github.com/LogicIQ/konductor/sdk/go/lease/lease.go:90.26,92.3 1 0
github.com/LogicIQ/konductor/sdk/go/lease/lease.go:94.2,94.59 1 0
github.com/LogicIQ/konductor/sdk/go/lease/lease.go:94.59,96.3 1 0
github.com/LogicIQ/konductor/sdk/go/lease/lease.go:98.2,100.6 2 0
github.com/LogicIQ/konductor/sdk/go/lease/lease.go:100.6,105.27 1 0
github.com/LogicIQ/konductor/sdk/go/lease/lease.go:105.27,107.4 1 0
github.com/LogicIQ/konductor/sdk/go/lease/lease.go:109.3,109.31 1 0
github.com/LogicIQ/konductor/sdk/go/lease/lease.go:110.40,120.10 2 0
github.com/LogicIQ/konductor/sdk/go/lease/lease.go:122.39,123.63 1 0
github.com/LogicIQ/konductor/sdk/go/lease/lease.go:125.40,127.70 1 0
github.com/LogicIQ/konductor/sdk/go/lease/lease.go:127.70,131.5 2 0
github.com/LogicIQ/konductor/sdk/go/lease/lease.go:134.4,134.11 1 0
github.com/LogicIQ/konductor/sdk/go/lease/lease.go:135.22,138.26 2 0
github.com/LogicIQ/konductor/sdk/go/lease/lease.go:139.39,139.39 0 0
github.com/LogicIQ/konductor/sdk/go/lease/lease.go:147.115,149.16 2 0
github.com/LogicIQ/konductor/sdk/go/lease/lease.go:149.16,151.3 1 0
github.com/LogicIQ/konductor/sdk/go/lease/lease.go:152.2,154.13 2 0
github.com/LogicIQ/konductor/sdk/go/lease/lease.go:158.114,162.2 2 0
github.com/LogicIQ/konductor/sdk/go/lease/lease.go:165.77,167.92 2 1
github.com/LogicIQ/konductor/sdk/go/lease/lease.go:167.92,169.3 1 0
github.com/LogicIQ/konductor/sdk/go/lease/lease.go:170.2,170.26 1 1
github.com/LogicIQ/konductor/sdk/go/lease/lease.go:174.88,179.25 2 3
github.com/LogicIQ/konductor/sdk/go/lease/lease.go:179.25,181.3 1 0
github.com/LogicIQ/konductor/sdk/go/lease/lease.go:182.2,182.20 1 3
github.com/LogicIQ/konductor/sdk/go/lease/lease.go:186.87,188.16 2 2
github.com/LogicIQ/konductor/sdk/go/lease/lease.go:188.16,190.3 1 0
github.com/LogicIQ/konductor/sdk/go/lease/lease.go:191.2,191.62 1 2
github.com/LogicIQ/konductor/sdk/go/lease/lease.go:195.100,197.27 2 1
github.com/LogicIQ/konductor/sdk/go/lease/lease.go:197.27,199.3 1 0
github.com/LogicIQ/konductor/sdk/go/lease/lease.go:201.2,210.41 2 1
github.com/LogicIQ/konductor/sdk/go/lease/lease.go:214.74,222.2 2 1
github.com/LogicIQ/konductor/sdk/go/lease/lease.go:225.82,227.2 1 1
github.com/LogicIQ/konductor/sdk/go/lease/lease.go:230.105,232.27 2 0
github.com/LogicIQ/konductor/sdk/go/lease/lease.go:232.27,234.3 1 0
github.com/LogicIQ/konductor/sdk/go/lease/lease.go:236.2,244.21 2 0
github.com/LogicIQ/konductor/sdk/go/lease/lease.go:244.21,246.3 1 0
github.com/LogicIQ/konductor/sdk/go/lease/lease.go:248.2,248.57 1 0
github.com/LogicIQ/konductor/sdk/go/lease/lease.go:248.57,250.3 1 0
github.com/LogicIQ/konductor/sdk/go/lease/lease.go:252.2,252.12 1 0
github.com/LogicIQ/konductor/sdk/go/lease/lease.go:256.79,264.57 2 0
github.com/LogicIQ/konductor/sdk/go/lease/lease.go:264.57,266.3 1 0
github.com/LogicIQ/konductor/sdk/go/lease/lease.go:268.2,268.12 1 0
github.com/LogicIQ/konductor/sdk/go/client/client.go:53.40,54.16 1 0
github.com/LogicIQ/konductor/sdk/go/client/client.go:54.16,56.3 1 0
github.com/LogicIQ/konductor/sdk/go/client/client.go:59.2,60.16 2 0
github.com/LogicIQ/konductor/sdk/go/client/client.go:60.16,62.3 1 0
github.com/LogicIQ/konductor/sdk/go/client/client.go:65.2,66.51 2 0
github.com/LogicIQ/konductor/sdk/go/client/client.go:66.51,68.3 1 0
github.com/LogicIQ/konductor/sdk/go/client/client.go:71.2,72.16 2 0
github.com/LogicIQ/konductor/sdk/go/client/client.go:72.16,74.3 1 0
github.com/LogicIQ/konductor/sdk/go/client/client.go:76.2,77.21 2 0
github.com/LogicIQ/konductor/sdk/go/client/client.go:77.21,79.3 1 0
github.com/LogicIQ/konductor/sdk/go/client/client.go:81.2,84.8 1 0
github.com/LogicIQ/konductor/sdk/go/client/client.go:93.71,94.21 1 7
github.com/LogicIQ/konductor/sdk/go/client/client.go:94.21,96.3 1 1
github.com/LogicIQ/konductor/sdk/go/client/client.go:97.2,100.3 1 7
github.com/LogicIQ/konductor/sdk/go/client/client.go:104.37,106.2 1 4
github.com/LogicIQ/konductor/sdk/go/client/client.go:115.58,120.2 1 1
github.com/LogicIQ/konductor/sdk/go/client/client.go:124.44,126.2 1 3
github.com/LogicIQ/konductor/sdk/go/client/client.go:129.98,135.2 5 1
github.com/LogicIQ/konductor/sdk/go/client/client.go:138.84,144.2 5 1
github.com/LogicIQ/konductor/sdk/go/client/client.go:147.98,150.66 2 1
github.com/LogicIQ/konductor/sdk/go/client/client.go:150.66,152.3 1 0
github.com/LogicIQ/konductor/sdk/go/client/client.go:153.2,153.27 1 1
github.com/LogicIQ/konductor/sdk/go/client/client.go:157.106,160.58 2 1
github.com/LogicIQ/konductor/sdk/go/client/client.go:160.58,162.3 1 0
github.com/LogicIQ/konductor/sdk/go/client/client.go:163.2,163.28 1 1
github.com/LogicIQ/konductor/sdk/go/client/client.go:196.82,203.2 1 0
github.com/LogicIQ/konductor/sdk/go/client/client.go:206.34,207.24 1 0
github.com/LogicIQ/konductor/sdk/go/client/client.go:207.24,209.3 1 0
github.com/LogicIQ/konductor/sdk/go/client/client.go:210.2,210.65 1 0
github.com/LogicIQ/konductor/sdk/go/client/client.go:214.34,216.2 1 0
github.com/LogicIQ/konductor/sdk/go/client/client.go:219.32,221.2 1 0
github.com/LogicIQ/konductor/sdk/go/client/client.go:233.39,234.24 1 0
github.com/LogicIQ/konductor/sdk/go/client/client.go:234.24,236.3 1 0
github.com/LogicIQ/konductor/sdk/go/client/client.go:237.2,237.55 1 0
github.com/LogicIQ/konductor/sdk/go/client/client.go:241.39,243.2 1 0
github.com/LogicIQ/konductor/sdk/go/client/client.go:246.37,248.2 1 0
github.com/LogicIQ/konductor/sdk/go/client/client.go:256.40,257.26 1 1
github.com/LogicIQ/konductor/sdk/go/client/client.go:257.26,259.3 1 1
github.com/LogicIQ/konductor/sdk/go/client/client.go:268.48,269.26 1 1
github.com/LogicIQ/konductor/sdk/go/client/client.go:269.26,271.3 1 1
github.com/LogicIQ/konductor/sdk/go/client/client.go:280.42,281.26 1 1
github.com/LogicIQ/konductor/sdk/go/client/client.go:281.26,283.3 1 1
github.com/LogicIQ/konductor/sdk/go/client/client.go:292.39,293.26 1 1
github.com/LogicIQ/konductor/sdk/go/client/client.go:293.26,295.3 1 1
github.com/LogicIQ/konductor/sdk/go/client/client.go:304.38,305.26 1 0
github.com/LogicIQ/konductor/sdk/go/client/client.go:305.26,307.3 1 0
github.com/LogicIQ/konductor/sdk/go/barrier/barrier.go:18.98,23.27 2 2
github.com/LogicIQ/konductor/sdk/go/barrier/barrier.go:23.27,25.3 1 0
github.com/LogicIQ/konductor/sdk/go/barrier/barrier.go:27.2,29.6 2 2
github.com/LogicIQ/konductor/sdk/go/barrier/barrier.go:29.6,34.28 2 2
github.com/LogicIQ/konductor/sdk/go/barrier/barrier.go:34.28,36.4 1 0
github.com/LogicIQ/konductor/sdk/go/barrier/barrier.go:38.3,38.31 1 2
github.com/LogicIQ/konductor/sdk/go/barrier/barrier.go:39.32,40.14 1 1
github.com/LogicIQ/konductor/sdk/go/barrier/barrier.go:41.34,42.48 1 1
github.com/LogicIQ/konductor/sdk/go/barrier/barrier.go:43.35,45.70 1 0
github.com/LogicIQ/konductor/sdk/go/barrier/barrier.go:45.70,47.5 1 0
github.com/LogicIQ/konductor/sdk/go/barrier/barrier.go:50.4,50.11 1 0
github.com/LogicIQ/konductor/sdk/go/barrier/barrier.go:51.22,52.21 1 0
github.com/LogicIQ/konductor/sdk/go/barrier/barrier.go:53.39,53.39 0 0
github.com/LogicIQ/konductor/sdk/go/barrier/barrier.go:61.100,64.27 2 1
github.com/LogicIQ/konductor/sdk/go/barrier/barrier.go:64.27,66.3 1 1
github.com/LogicIQ/konductor/sdk/go/barrier/barrier.go:69.2,70.18 2 1
github.com/LogicIQ/konductor/sdk/go/barrier/barrier.go:70.18,72.19 2 0
github.com/LogicIQ/konductor/sdk/go/barrier/barrier.go:72.19,74.4 1 0
github.com/LogicIQ/konductor/sdk/go/barrier/barrier.go:78.2,92.59 2 1
github.com/LogicIQ/konductor/sdk/go/barrier/barrier.go:92.59,94.3 1 0
github.com/LogicIQ/konductor/sdk/go/barrier/barrier.go:96.2,96.12 1 1
github.com/LogicIQ/konductor/sdk/go/barrier/barrier.go:100.115,101.29 1 0
github.com/LogicIQ/konductor/sdk/go/barrier/barrier.go:101.29,103.3 1 0
github.com/LogicIQ/konductor/sdk/go/barrier/barrier.go:104.2,104.38 1 0
github.com/LogicIQ/konductor/sdk/go/barrier/barrier.go:108.146,110.59 1 0
github.com/LogicIQ/konductor/sdk/go/barrier/barrier.go:110.59,112.3 1 0
github.com/LogicIQ/konductor/sdk/go/barrier/barrier.go:115.2,115.29 1 0
github.com/LogicIQ/konductor/sdk/go/barrier/barrier.go:115.29,117.3 1 0
github.com/LogicIQ/konductor/sdk/go/barrier/barrier.go:120.2,120.63 1 0
github.com/LogicIQ/konductor/sdk/go/barrier/barrier.go:120.63,122.3 1 0
github.com/LogicIQ/konductor/sdk/go/barrier/barrier.go:124.2,124.12 1 0
github.com/LogicIQ/konductor/sdk/go/barrier/barrier.go:128.79,130.94 2 1
github.com/LogicIQ/konductor/sdk/go/barrier/barrier.go:130.94,132.3 1 0
github.com/LogicIQ/konductor/sdk/go/barrier/barrier.go:133.2,133.28 1 1
github.com/LogicIQ/konductor/sdk/go/barrier/barrier.go:137.90,142.27 2 2
github.com/LogicIQ/konductor/sdk/go/barrier/barrier.go:142.27,144.3 1 0
github.com/LogicIQ/konductor/sdk/go/barrier/barrier.go:145.2,145.22 1 2
github.com/LogicIQ/konductor/sdk/go/barrier/barrier.go:149.102,151.16 2 1
github.com/LogicIQ/konductor/sdk/go/barrier/barrier.go:151.16,153.3 1 0
github.com/LogicIQ/konductor/sdk/go/barrier/barrier.go:154.2,154.29 1 1
github.com/LogicIQ/konductor/sdk/go/barrier/barrier.go:158.116,169.2 2 1
github.com/LogicIQ/konductor/sdk/go/barrier/barrier.go:172.74,180.2 2 1
github.com/LogicIQ/konductor/sdk/go/barrier/barrier.go:183.86,185.2 1 1
github.com/LogicIQ/konductor/sdk/go/barrier/barrier.go:188.123,190.27 2 0
github.com/LogicIQ/konductor/sdk/go/barrier/barrier.go:190.27,192.3 1 0
github.com/LogicIQ/konductor/sdk/go/barrier/barrier.go:194.2,204.25 2 0
github.com/LogicIQ/konductor/sdk/go/barrier/barrier.go:204.25,206.3 1 0
github.com/LogicIQ/konductor/sdk/go/barrier/barrier.go:208.2,208.24 1 0
github.com/LogicIQ/konductor/sdk/go/barrier/barrier.go:208.24,210.3 1 0
github.com/LogicIQ/konductor/sdk/go/barrier/barrier.go:212.2,212.59 1 0
github.com/LogicIQ/konductor/sdk/go/barrier/barrier.go:212.59,214.3 1 0
github.com/LogicIQ/konductor/sdk/go/barrier/barrier.go:216.2,216.12 1 0
github.com/LogicIQ/konductor/sdk/go/barrier/barrier.go:220.81,228.59 2 0
github.com/LogicIQ/konductor/sdk/go/barrier/barrier.go:228.59,230.3 1 0
github.com/LogicIQ/konductor/sdk/go/barrier/barrier.go:232.2,232.12 1 0
github.com/LogicIQ/konductor/sdk/go/semaphore/semaphore.go:44.122,50.27 2 0
github.com/LogicIQ/konductor/sdk/go/semaphore/semaphore.go:50.27,52.3 1 0
github.com/LogicIQ/konductor/sdk/go/semaphore/semaphore.go:55.2,56.18 2 0
github.com/LogicIQ/konductor/sdk/go/semaphore/semaphore.go:56.18,58.19 2 0
github.com/LogicIQ/konductor/sdk/go/semaphore/semaphore.go:58.19,60.4 1 0
github.com/LogicIQ/konductor/sdk/go/semaphore/semaphore.go:64.2,68.29 2 0
github.com/LogicIQ/konductor/sdk/go/semaphore/semaphore.go:68.29,70.3 1 0
github.com/LogicIQ/konductor/sdk/go/semaphore/semaphore.go:72.2,75.6 3 0
github.com/LogicIQ/konductor/sdk/go/semaphore/semaphore.go:75.6,80.30 1 0
github.com/LogicIQ/konductor/sdk/go/semaphore/semaphore.go:80.30,82.4 1 0
github.com/LogicIQ/konductor/sdk/go/semaphore/semaphore.go:85.3,85.38 1 0
github.com/LogicIQ/konductor/sdk/go/semaphore/semaphore.go:85.38,87.70 1 0
github.com/LogicIQ/konductor/sdk/go/semaphore/semaphore.go:87.70,89.5 1 0
github.com/LogicIQ/konductor/sdk/go/semaphore/semaphore.go:92.4,92.11 1 0
github.com/LogicIQ/konductor/sdk/go/semaphore/semaphore.go:93.22,94.26 1 0
github.com/LogicIQ/konductor/sdk/go/semaphore/semaphore.go:95.39,96.13 1 0
github.com/LogicIQ/konductor/sdk/go/semaphore/semaphore.go:101.3,115.22 2 0
github.com/LogicIQ/konductor/sdk/go/semaphore/semaphore.go:115.22,117.4 1 0
github.com/LogicIQ/konductor/sdk/go/semaphore/semaphore.go:119.3,119.59 1 0
github.com/LogicIQ/konductor/sdk/go/semaphore/semaphore.go:119.59,121.55 1 0
github.com/LogicIQ/konductor/sdk/go/semaphore/semaphore.go:121.55,123.13 2 0
github.com/LogicIQ/konductor/sdk/go/semaphore/semaphore.go:125.4,125.62 1 0
github.com/LogicIQ/konductor/sdk/go/semaphore/semaphore.go:129.3,129.27 1 0
github.com/LogicIQ/konductor/sdk/go/semaphore/semaphore.go:129.27,134.94 2 0
github.com/LogicIQ/konductor/sdk/go/semaphore/semaphore.go:134.94,135.10 1 0
github.com/LogicIQ/konductor/sdk/go/semaphore/semaphore.go:137.4,137.37 1 0
github.com/LogicIQ/konductor/sdk/go/semaphore/semaphore.go:141.3,142.16 2 0
github.com/LogicIQ/konductor/sdk/go/semaphore/semaphore.go:147.115,149.16 2 0
github.com/LogicIQ/konductor/sdk/go/semaphore/semaphore.go:149.16,151.3 1 0
github.com/LogicIQ/konductor/sdk/go/semaphore/semaphore.go:152.2,154.13 2 0
github.com/LogicIQ/konductor/sdk/go/semaphore/semaphore.go:158.81,160.96 2 1
github.com/LogicIQ/konductor/sdk/go/semaphore/semaphore.go:160.96,162.3 1 0
github.com/LogicIQ/konductor/sdk/go/semaphore/semaphore.go:163.2,163.30 1 1
github.com/LogicIQ/konductor/sdk/go/semaphore/semaphore.go:167.92,172.29 2 1
github.com/LogicIQ/konductor/sdk/go/semaphore/semaphore.go:172.29,174.3 1 0
github.com/LogicIQ/konductor/sdk/go/semaphore/semaphore.go:175.2,175.24 1 1
github.com/LogicIQ/konductor/sdk/go/semaphore/semaphore.go:179.115,181.27 2 1
github.com/LogicIQ/konductor/sdk/go/semaphore/semaphore.go:181.27,183.3 1 0
github.com/LogicIQ/konductor/sdk/go/semaphore/semaphore.go:185.2,195.21 2 1
github.com/LogicIQ/konductor/sdk/go/semaphore/semaphore.go:195.21,197.3 1 0
github.com/LogicIQ/konductor/sdk/go/semaphore/semaphore.go:199.2,199.45 1 1
github.com/LogicIQ/konductor/sdk/go/semaphore/semaphore.go:203.74,211.2 2 1
github.com/LogicIQ/konductor/sdk/go/semaphore/semaphore.go:214.90,216.2 1 1
github.com/LogicIQ/konductor/controllers/barrier_controller.go:29.99,36.65 4 5
github.com/LogicIQ/konductor/controllers/barrier_controller.go:36.65,37.29 1 0
github.com/LogicIQ/konductor/controllers/barrier_controller.go:37.29,40.4 2 0
github.com/LogicIQ/konductor/controllers/barrier_controller.go:41.3,42.28 2 0
github.com/LogicIQ/konductor/controllers/barrier_controller.go:45.2,50.63 3 5
github.com/LogicIQ/konductor/controllers/barrier_controller.go:50.63,53.3 2 0
github.com/LogicIQ/konductor/controllers/barrier_controller.go:55.2,60.41 4 5
github.com/LogicIQ/konductor/controllers/barrier_controller.go:60.41,62.3 1 5
github.com/LogicIQ/konductor/controllers/barrier_controller.go:65.2,66.32 2 5
github.com/LogicIQ/konductor/controllers/barrier_controller.go:66.32,68.3 1 1
github.com/LogicIQ/konductor/controllers/barrier_controller.go:71.2,71.116 1 5
github.com/LogicIQ/konductor/controllers/barrier_controller.go:71.116,72.48 1 1
github.com/LogicIQ/konductor/controllers/barrier_controller.go:72.48,74.4 1 1
github.com/LogicIQ/konductor/controllers/barrier_controller.go:75.8,75.55 1 4
github.com/LogicIQ/konductor/controllers/barrier_controller.go:75.55,77.37 2 2
github.com/LogicIQ/konductor/controllers/barrier_controller.go:77.37,80.4 2 2
github.com/LogicIQ/konductor/controllers/barrier_controller.go:81.8,83.3 1 2
github.com/LogicIQ/konductor/controllers/barrier_controller.go:86.2,86.57 1 5
github.com/LogicIQ/konductor/controllers/barrier_controller.go:86.57,89.3 2 0
github.com/LogicIQ/konductor/controllers/barrier_controller.go:91.2,94.87 2 5
github.com/LogicIQ/konductor/controllers/barrier_controller.go:94.87,96.3 1 0
github.com/LogicIQ/konductor/controllers/barrier_controller.go:98.2,98.27 1 5
github.com/LogicIQ/konductor/controllers/barrier_controller.go:102.70,106.2 1 0
github.com/LogicIQ/konductor/controllers/gate_controller.go:30.96,37.62 4 10
github.com/LogicIQ/konductor/controllers/gate_controller.go:37.62,38.29 1 0
github.com/LogicIQ/konductor/controllers/gate_controller.go:38.29,41.4 2 0
github.com/LogicIQ/konductor/controllers/gate_controller.go:42.3,43.28 2 0
github.com/LogicIQ/konductor/controllers/gate_controller.go:46.2,52.49 4 10
github.com/LogicIQ/konductor/controllers/gate_controller.go:52.49,60.22 3 9
github.com/LogicIQ/konductor/controllers/gate_controller.go:60.22,62.4 1 9
github.com/LogicIQ/konductor/controllers/gate_controller.go:64.3,64.25 1 9
github.com/LogicIQ/konductor/controllers/gate_controller.go:65.14,67.105 2 3
github.com/LogicIQ/konductor/controllers/gate_controller.go:67.105,70.5 2 1
github.com/LogicIQ/konductor/controllers/gate_controller.go:70.10,71.66 1 2
github.com/LogicIQ/konductor/controllers/gate_controller.go:71.66,74.6 2 1
github.com/LogicIQ/konductor/controllers/gate_controller.go:74.11,77.6 2 1
github.com/LogicIQ/konductor/controllers/gate_controller.go:80.20,82.111 2 2
github.com/LogicIQ/konductor/controllers/gate_controller.go:82.111,85.5 2 0
github.com/LogicIQ/konductor/controllers/gate_controller.go:85.10,86.81 1 2
github.com/LogicIQ/konductor/controllers/gate_controller.go:86.81,89.6 2 1
github.com/LogicIQ/konductor/controllers/gate_controller.go:89.11,92.6 2 1
github.com/LogicIQ/konductor/controllers/gate_controller.go:95.18,97.109 2 2
github.com/LogicIQ/konductor/controllers/gate_controller.go:97.109,100.5 2 0
github.com/LogicIQ/konductor/controllers/gate_controller.go:100.10,101.85 1 2
github.com/LogicIQ/konductor/controllers/gate_controller.go:101.85,104.6 2 1
github.com/LogicIQ/konductor/controllers/gate_controller.go:104.11,107.6 2 1
github.com/LogicIQ/konductor/controllers/gate_controller.go:110.16,112.107 2 2
github.com/LogicIQ/konductor/controllers/gate_controller.go:112.107,115.5 2 0
github.com/LogicIQ/konductor/controllers/gate_controller.go:115.10,116.91 1 2
github.com/LogicIQ/konductor/controllers/gate_controller.go:116.91,119.6 2 1
github.com/LogicIQ/konductor/controllers/gate_controller.go:119.11,122.6 2 1
github.com/LogicIQ/konductor/controllers/gate_controller.go:126.3,126.32 1 9
github.com/LogicIQ/konductor/controllers/gate_controller.go:130.2,132.12 2 10
github.com/LogicIQ/konductor/controllers/gate_controller.go:132.12,134.34 2 5
github.com/LogicIQ/konductor/controllers/gate_controller.go:134.34,137.4 2 5
github.com/LogicIQ/konductor/controllers/gate_controller.go:138.8,140.108 1 5
github.com/LogicIQ/konductor/controllers/gate_controller.go:140.108,142.4 1 1
github.com/LogicIQ/konductor/controllers/gate_controller.go:142.9,144.4 1 4
github.com/LogicIQ/konductor/controllers/gate_controller.go:148.2,148.54 1 10
github.com/LogicIQ/konductor/controllers/gate_controller.go:148.54,151.3 2 0
github.com/LogicIQ/konductor/controllers/gate_controller.go:153.2,156.50 2 10
github.com/LogicIQ/konductor/controllers/gate_controller.go:156.50,158.3 1 4
github.com/LogicIQ/konductor/controllers/gate_controller.go:160.2,160.27 1 6
github.com/LogicIQ/konductor/controllers/gate_controller.go:164.67,168.2 1 0
github.com/LogicIQ/konductor/controllers/lease_controller.go:30.97,37.63 4 4
github.com/LogicIQ/konductor/controllers/lease_controller.go:37.63,38.29 1 0
github.com/LogicIQ/konductor/controllers/lease_controller.go:38.29,41.4 2 0
github.com/LogicIQ/konductor/controllers/lease_controller.go:42.3,43.28 2 0
github.com/LogicIQ/konductor/controllers/lease_controller.go:46.2,51.78 3 4
github.com/LogicIQ/konductor/controllers/lease_controller.go:51.78,56.3 4 1
github.com/LogicIQ/konductor/controllers/lease_controller.go:59.2,59.31 1 4
github.com/LogicIQ/konductor/controllers/lease_controller.go:59.31,61.3 1 4
github.com/LogicIQ/konductor/controllers/lease_controller.go:64.2,66.59 2 4
github.com/LogicIQ/konductor/controllers/lease_controller.go:66.59,69.3 2 0
github.com/LogicIQ/konductor/controllers/lease_controller.go:71.2,74.81 2 4
github.com/LogicIQ/konductor/controllers/lease_controller.go:74.81,78.33 3 2
github.com/LogicIQ/konductor/controllers/lease_controller.go:78.33,81.32 3 3
github.com/LogicIQ/konductor/controllers/lease_controller.go:81.32,83.5 1 2
github.com/LogicIQ/konductor/controllers/lease_controller.go:84.4,84.34 1 3
github.com/LogicIQ/konductor/controllers/lease_controller.go:84.34,87.5 2 3
github.com/LogicIQ/konductor/controllers/lease_controller.go:90.3,90.25 1 2
github.com/LogicIQ/konductor/controllers/lease_controller.go:90.25,102.62 9 2
github.com/LogicIQ/konductor/controllers/lease_controller.go:102.62,104.5 1 0
github.com/LogicIQ/konductor/controllers/lease_controller.go:109.2,109.55 1 4
github.com/LogicIQ/konductor/controllers/lease_controller.go:109.55,112.3 2 0
github.com/LogicIQ/konductor/controllers/lease_controller.go:114.2,117.35 2 4
github.com/LogicIQ/konductor/controllers/lease_controller.go:117.35,119.3 1 2
github.com/LogicIQ/konductor/controllers/lease_controller.go:121.2,121.52 1 2
github.com/LogicIQ/konductor/controllers/lease_controller.go:125.68,129.2 1 0
github.com/LogicIQ/konductor/controllers/semaphore_controller.go:29.101,36.67 4 5
github.com/LogicIQ/konductor/controllers/semaphore_controller.go:36.67,37.29 1 1
github.com/LogicIQ/konductor/controllers/semaphore_controller.go:37.29,40.4 2 1
github.com/LogicIQ/konductor/controllers/semaphore_controller.go:41.3,42.28 2 0
github.com/LogicIQ/konductor/controllers/semaphore_controller.go:45.2,50.67 3 4
github.com/LogicIQ/konductor/controllers/semaphore_controller.go:50.67,53.3 2 0
github.com/LogicIQ/konductor/controllers/semaphore_controller.go:55.2,60.39 4 4
github.com/LogicIQ/konductor/controllers/semaphore_controller.go:60.39,61.80 1 5
github.com/LogicIQ/konductor/controllers/semaphore_controller.go:61.80,63.56 2 1
github.com/LogicIQ/konductor/controllers/semaphore_controller.go:63.56,66.5 2 1
github.com/LogicIQ/konductor/controllers/semaphore_controller.go:67.9,67.44 1 4
github.com/LogicIQ/konductor/controllers/semaphore_controller.go:67.44,69.56 2 3
github.com/LogicIQ/konductor/controllers/semaphore_controller.go:69.56,72.5 2 3
github.com/LogicIQ/konductor/controllers/semaphore_controller.go:77.2,84.36 6 4
github.com/LogicIQ/konductor/controllers/semaphore_controller.go:84.36,86.3 1 3
github.com/LogicIQ/konductor/controllers/semaphore_controller.go:86.8,88.3 1 1
github.com/LogicIQ/konductor/controllers/semaphore_controller.go:90.2,97.59 2 4
github.com/LogicIQ/konductor/controllers/semaphore_controller.go:97.59,100.3 2 0
github.com/LogicIQ/konductor/controllers/semaphore_controller.go:102.2,105.52 2 4
github.com/LogicIQ/konductor/controllers/semaphore_controller.go:109.72,114.2 1 0
github.com/LogicIQ/konductor/api/v1/groupversion_info.go:22.13,30.2 7 0
github.com/LogicIQ/konductor/api/v1/zz_generated.deepcopy.go:29.47,35.2 5 0
github.com/LogicIQ/konductor/api/v1/zz_generated.deepcopy.go:38.40,39.15 1 0
github.com/LogicIQ/konductor/api/v1/zz_generated.deepcopy.go:39.15,41.3 1 0
github.com/LogicIQ/konductor/api/v1/zz_generated.deepcopy.go:42.2,44.12 3 0
github.com/LogicIQ/konductor/api/v1/zz_generated.deepcopy.go:48.52,49.34 1 0
github.com/LogicIQ/konductor/api/v1/zz_generated.deepcopy.go:49.34,51.3 1 0
github.com/LogicIQ/konductor/api/v1/zz_generated.deepcopy.go:52.2,52.12 1 0
github.com/LogicIQ/konductor/api/v1/zz_generated.deepcopy.go:56.55,60.21 4 0
github.com/LogicIQ/konductor/api/v1/zz_generated.deepcopy.go:60.21,63.22 3 0
github.com/LogicIQ/konductor/api/v1/zz_generated.deepcopy.go:63.22,65.4 1 0
github.com/LogicIQ/konductor/api/v1/zz_generated.deepcopy.go:70.48,71.15 1 0
github.com/LogicIQ/konductor/api/v1/zz_generated.deepcopy.go:71.15,73.3 1 0
github.com/LogicIQ/konductor/api/v1/zz_generated.deepcopy.go:74.2,76.12 3 0
github.com/LogicIQ/konductor/api/v1/zz_generated.deepcopy.go:80.56,81.34 1 0
github.com/LogicIQ/konductor/api/v1/zz_generated.deepcopy.go:81.34,83.3 1 0
github.com/LogicIQ/konductor/api/v1/zz_generated.deepcopy.go:84.2,84.12 1 0
github.com/LogicIQ/konductor/api/v1/zz_generated.deepcopy.go:88.55,90.2 1 0
github.com/LogicIQ/konductor/api/v1/zz_generated.deepcopy.go:93.48,94.15 1 0
github.com/LogicIQ/konductor/api/v1/zz_generated.deepcopy.go:94.15,96.3 1 0
github.com/LogicIQ/konductor/api/v1/zz_generated.deepcopy.go:97.2,99.12 3 0
github.com/LogicIQ/konductor/api/v1/zz_generated.deepcopy.go:103.59,105.25 2 0
github.com/LogicIQ/konductor/api/v1/zz_generated.deepcopy.go:105.25,108.3 2 0
github.com/LogicIQ/konductor/api/v1/zz_generated.deepcopy.go:109.2,109.26 1 0
github.com/LogicIQ/konductor/api/v1/zz_generated.deepcopy.go:109.26,112.22 3 0
github.com/LogicIQ/konductor/api/v1/zz_generated.deepcopy.go:112.22,114.4 1 0
github.com/LogicIQ/konductor/api/v1/zz_generated.deepcopy.go:119.52,120.15 1 0
github.com/LogicIQ/konductor/api/v1/zz_generated.deepcopy.go:120.15,122.3 1 0
github.com/LogicIQ/konductor/api/v1/zz_generated.deepcopy.go:123.2,125.12 3 0
github.com/LogicIQ/konductor/api/v1/zz_generated.deepcopy.go:129.47,135.2 5 0
github.com/LogicIQ/konductor/api/v1/zz_generated.deepcopy.go:138.40,139.15 1 0
github.com/LogicIQ/konductor/api/v1/zz_generated.deepcopy.go:139.15,141.3 1 0
github.com/LogicIQ/konductor/api/v1/zz_generated.deepcopy.go:142.2,144.12 3 0
github.com/LogicIQ/konductor/api/v1/zz_generated.deepcopy.go:148.52,149.34 1 0
github.com/LogicIQ/konductor/api/v1/zz_generated.deepcopy.go:149.34,151.3 1 0
github.com/LogicIQ/konductor/api/v1/zz_generated.deepcopy.go:152.2,152.12 1 0
github.com/LogicIQ/konductor/api/v1/zz_generated.deepcopy.go:156.55,160.21 4 0
github.com/LogicIQ/konductor/api/v1/zz_generated.deepcopy.go:160.21,163.22 3 0
github.com/LogicIQ/konductor/api/v1/zz_generated.deepcopy.go:163.22,165.4 1 0
github.com/LogicIQ/konductor/api/v1/zz_generated.deepcopy.go:170.48,171.15 1 0
github.com/LogicIQ/konductor/api/v1/zz_generated.deepcopy.go:171.15,173.3 1 0
github.com/LogicIQ/konductor/api/v1/zz_generated.deepcopy.go:174.2,176.12 3 0
github.com/LogicIQ/konductor/api/v1/zz_generated.deepcopy.go:180.56,181.34 1 0
github.com/LogicIQ/konductor/api/v1/zz_generated.deepcopy.go:181.34,183.3 1 0
github.com/LogicIQ/konductor/api/v1/zz_generated.deepcopy.go:184.2,184.12 1 0
github.com/LogicIQ/konductor/api/v1/zz_generated.deepcopy.go:188.55,190.23 2 0
github.com/LogicIQ/konductor/api/v1/zz_generated.deepcopy.go:190.23,194.3 3 0
github.com/LogicIQ/konductor/api/v1/zz_generated.deepcopy.go:195.2,195.22 1 0
github.com/LogicIQ/konductor/api/v1/zz_generated.deepcopy.go:195.22,199.3 3 0
github.com/LogicIQ/konductor/api/v1/zz_generated.deepcopy.go:203.48,204.15 1 0
github.com/LogicIQ/konductor/api/v1/zz_generated.deepcopy.go:204.15,206.3 1 0
github.com/LogicIQ/konductor/api/v1/zz_generated.deepcopy.go:207.2,209.12 3 0
github.com/LogicIQ/konductor/api/v1/zz_generated.deepcopy.go:213.59,215.24 2 0
github.com/LogicIQ/konductor/api/v1/zz_generated.deepcopy.go:215.24,219.3 3 0
github.com/LogicIQ/konductor/api/v1/zz_generated.deepcopy.go:220.2,220.24 1 0
github.com/LogicIQ/konductor/api/v1/zz_generated.deepcopy.go:220.24,223.3 2 0
github.com/LogicIQ/konductor/api/v1/zz_generated.deepcopy.go:224.2,224.26 1 0
github.com/LogicIQ/konductor/api/v1/zz_generated.deepcopy.go:224.26,227.22 3 0
github.com/LogicIQ/konductor/api/v1/zz_generated.deepcopy.go:227.22,229.4 1 0
github.com/LogicIQ/konductor/api/v1/zz_generated.deepcopy.go:234.52,235.15 1 0
github.com/LogicIQ/konductor/api/v1/zz_generated.deepcopy.go:235.15,237.3 1 0
github.com/LogicIQ/konductor/api/v1/zz_generated.deepcopy.go:238.2,240.12 3 0
github.com/LogicIQ/konductor/api/v1/zz_generated.deepcopy.go:244.41,250.2 5 0
github.com/LogicIQ/konductor/api/v1/zz_generated.deepcopy.go:253.34,254.15 1 0
github.com/LogicIQ/konductor/api/v1/zz_generated.deepcopy.go:254.15,256.3 1 0
github.com/LogicIQ/konductor/api/v1/zz_generated.deepcopy.go:257.2,259.12 3 0
github.com/LogicIQ/konductor/api/v1/zz_generated.deepcopy.go:263.49,264.34 1 0
github.com/LogicIQ/konductor/api/v1/zz_generated.deepcopy.go:264.34,266.3 1 0
github.com/LogicIQ/konductor/api/v1/zz_generated.deepcopy.go:267.2,267.12 1 0
github.com/LogicIQ/konductor/api/v1/zz_generated.deepcopy.go:271.59,273.21 2 0
github.com/LogicIQ/konductor/api/v1/zz_generated.deepcopy.go:273.21,277.3 3 0
github.com/LogicIQ/konductor/api/v1/zz_generated.deepcopy.go:281.52,282.15 1 0
github.com/LogicIQ/konductor/api/v1/zz_generated.deepcopy.go:282.15,284.3 1 0
github.com/LogicIQ/konductor/api/v1/zz_generated.deepcopy.go:285.2,287.12 3 0
github.com/LogicIQ/konductor/api/v1/zz_generated.deepcopy.go:291.71,293.2 1 0
github.com/LogicIQ/konductor/api/v1/zz_generated.deepcopy.go:296.64,297.15 1 0
github.com/LogicIQ/konductor/api/v1/zz_generated.deepcopy.go:297.15,299.3 1 0
github.com/LogicIQ/konductor/api/v1/zz_generated.deepcopy.go:300.2,302.12 3 0
github.com/LogicIQ/konductor/api/v1/zz_generated.deepcopy.go:306.49,310.21 4 0
github.com/LogicIQ/konductor/api/v1/zz_generated.deepcopy.go:310.21,313.22 3 0
github.com/LogicIQ/konductor/api/v1/zz_generated.deepcopy.go:313.22,315.4 1 0
github.com/LogicIQ/konductor/api/v1/zz_generated.deepcopy.go:320.42,321.15 1 0
github.com/LogicIQ/konductor/api/v1/zz_generated.deepcopy.go:321.15,323.3 1 0
github.com/LogicIQ/konductor/api/v1/zz_generated.deepcopy.go:324.2,326.12 3 0
github.com/LogicIQ/konductor/api/v1/zz_generated.deepcopy.go:330.53,331.34 1 0
github.com/LogicIQ/konductor/api/v1/zz_generated.deepcopy.go:331.34,333.3 1 0
github.com/LogicIQ/konductor/api/v1/zz_generated.deepcopy.go:334.2,334.12 1 0
github.com/LogicIQ/konductor/api/v1/zz_generated.deepcopy.go:338.49,340.26 2 0
github.com/LogicIQ/konductor/api/v1/zz_generated.deepcopy.go:340.26,343.22 3 0
github.com/LogicIQ/konductor/api/v1/zz_generated.deepcopy.go:343.22,345.4 1 0
github.com/LogicIQ/konductor/api/v1/zz_generated.deepcopy.go:347.2,347.23 1 0
github.com/LogicIQ/konductor/api/v1/zz_generated.deepcopy.go:347.23,351.3 3 0
github.com/LogicIQ/konductor/api/v1/zz_generated.deepcopy.go:355.42,356.15 1 0
github.com/LogicIQ/konductor/api/v1/zz_generated.deepcopy.go:356.15,358.3 1 0
github.com/LogicIQ/konductor/api/v1/zz_generated.deepcopy.go:359.2,361.12 3 0
github.com/LogicIQ/konductor/api/v1/zz_generated.deepcopy.go:365.53,367.33 2 0
github.com/LogicIQ/konductor/api/v1/zz_generated.deepcopy.go:367.33,371.3 3 0
github.com/LogicIQ/konductor/api/v1/zz_generated.deepcopy.go:372.2,372.24 1 0
github.com/LogicIQ/konductor/api/v1/zz_generated.deepcopy.go:372.24,375.3 2 0
github.com/LogicIQ/konductor/api/v1/zz_generated.deepcopy.go:376.2,376.26 1 0
github.com/LogicIQ/konductor/api/v1/zz_generated.deepcopy.go:376.26,379.22 3 0
github.com/LogicIQ/konductor/api/v1/zz_generated.deepcopy.go:379.22,381.4 1 0
github.com/LogicIQ/konductor/api/v1/zz_generated.deepcopy.go:386.46,387.15 1 0
github.com/LogicIQ/konductor/api/v1/zz_generated.deepcopy.go:387.15,389.3 1 0
github.com/LogicIQ/konductor/api/v1/zz_generated.deepcopy.go:390.2,392.12 3 0
github.com/LogicIQ/konductor/api/v1/zz_generated.deepcopy.go:396.43,402.2 5 0
github.com/LogicIQ/konductor/api/v1/zz_generated.deepcopy.go:405.36,406.15 1 0
github.com/LogicIQ/konductor/api/v1/zz_generated.deepcopy.go:406.15,408.3 1 0
github.com/LogicIQ/konductor/api/v1/zz_generated.deepcopy.go:409.2,411.12 3 0
github.com/LogicIQ/konductor/api/v1/zz_generated.deepcopy.go:415.50,416.34 1 0
github.com/LogicIQ/konductor/api/v1/zz_generated.deepcopy.go:416.34,418.3 1 0
github.com/LogicIQ/konductor/api/v1/zz_generated.deepcopy.go:419.2,419.12 1 0
github.com/LogicIQ/konductor/api/v1/zz_generated.deepcopy.go:423.51,427.21 4 0
github.com/LogicIQ/konductor/api/v1/zz_generated.deepcopy.go:427.21,430.22 3 0
github.com/LogicIQ/konductor/api/v1/zz_generated.deepcopy.go:430.22,432.4 1 0
github.com/LogicIQ/konductor/api/v1/zz_generated.deepcopy.go:437.44,438.15 1 0
github.com/LogicIQ/konductor/api/v1/zz_generated.deepcopy.go:438.15,440.3 1 0
github.com/LogicIQ/konductor/api/v1/zz_generated.deepcopy.go:441.2,443.12 3 0
github.com/LogicIQ/konductor/api/v1/zz_generated.deepcopy.go:447.54,448.34 1 0
github.com/LogicIQ/konductor/api/v1/zz_generated.deepcopy.go:448.34,450.3 1 0
github.com/LogicIQ/konductor/api/v1/zz_generated.deepcopy.go:451.2,451.12 1 0
github.com/LogicIQ/konductor/api/v1/zz_generated.deepcopy.go:455.57,461.2 5 0
github.com/LogicIQ/konductor/api/v1/zz_generated.deepcopy.go:464.50,465.15 1 0
github.com/LogicIQ/konductor/api/v1/zz_generated.deepcopy.go:465.15,467.3 1 0
github.com/LogicIQ/konductor/api/v1/zz_generated.deepcopy.go:468.2,470.12 3 0
github.com/LogicIQ/konductor/api/v1/zz_generated.deepcopy.go:474.57,475.34 1 0
github.com/LogicIQ/konductor/api/v1/zz_generated.deepcopy.go:475.34,477.3 1 0
github.com/LogicIQ/konductor/api/v1/zz_generated.deepcopy.go:478.2,478.12 1 0
github.com/LogicIQ/konductor/api/v1/zz_generated.deepcopy.go:482.65,486.21 4 0
github.com/LogicIQ/konductor/api/v1/zz_generated.deepcopy.go:486.21,489.22 3 0
github.com/LogicIQ/konductor/api/v1/zz_generated.deepcopy.go:489.22,491.4 1 0
github.com/LogicIQ/konductor/api/v1/zz_generated.deepcopy.go:496.58,497.15 1 0
github.com/LogicIQ/konductor/api/v1/zz_generated.deepcopy.go:497.15,499.3 1 0
github.com/LogicIQ/konductor/api/v1/zz_generated.deepcopy.go:500.2,502.12 3 0
github.com/LogicIQ/konductor/api/v1/zz_generated.deepcopy.go:506.61,507.34 1 0
github.com/LogicIQ/konductor/api/v1/zz_generated.deepcopy.go:507.34,509.3 1 0
github.com/LogicIQ/konductor/api/v1/zz_generated.deepcopy.go:510.2,510.12 1 0
github.com/LogicIQ/konductor/api/v1/zz_generated.deepcopy.go:514.65,516.24 2 0
github.com/LogicIQ/konductor/api/v1/zz_generated.deepcopy.go:516.24,520.3 3 0
github.com/LogicIQ/konductor/api/v1/zz_generated.deepcopy.go:521.2,521.19 1 0
github.com/LogicIQ/konductor/api/v1/zz_generated.deepcopy.go:521.19,525.3 3 0
github.com/LogicIQ/konductor/api/v1/zz_generated.deepcopy.go:529.58,530.15 1 0
github.com/LogicIQ/konductor/api/v1/zz_generated.deepcopy.go:530.15,532.3 1 0
github.com/LogicIQ/konductor/api/v1/zz_generated.deepcopy.go:533.2,535.12 3 0
github.com/LogicIQ/konductor/api/v1/zz_generated.deepcopy.go:539.69,541.27 2 0
github.com/LogicIQ/konductor/api/v1/zz_generated.deepcopy.go:541.27,544.3 2 0
github.com/LogicIQ/konductor/api/v1/zz_generated.deepcopy.go:545.2,545.26 1 0
github.com/LogicIQ/konductor/api/v1/zz_generated.deepcopy.go:545.26,548.22 3 0
github.com/LogicIQ/konductor/api/v1/zz_generated.deepcopy.go:548.22,550.4 1 0
github.com/LogicIQ/konductor/api/v1/zz_generated.deepcopy.go:555.62,556.15 1 0
github.com/LogicIQ/konductor/api/v1/zz_generated.deepcopy.go:556.15,558.3 1 0
github.com/LogicIQ/konductor/api/v1/zz_generated.deepcopy.go:559.2,561.12 3 0
github.com/LogicIQ/konductor/api/v1/zz_generated.deepcopy.go:565.51,568.24 3 0
github.com/LogicIQ/konductor/api/v1/zz_generated.deepcopy.go:568.24,572.3 3 0
github.com/LogicIQ/konductor/api/v1/zz_generated.deepcopy.go:576.44,577.15 1 0
github.com/LogicIQ/konductor/api/v1/zz_generated.deepcopy.go:577.15,579.3 1 0
github.com/LogicIQ/konductor/api/v1/zz_generated.deepcopy.go:580.2,582.12 3 0
github.com/LogicIQ/konductor/api/v1/zz_generated.deepcopy.go:586.55,588.26 2 0
github.com/LogicIQ/konductor/api/v1/zz_generated.deepcopy.go:588.26,591.3 2 0
github.com/LogicIQ/konductor/api/v1/zz_generated.deepcopy.go:592.2,592.25 1 0
github.com/LogicIQ/konductor/api/v1/zz_generated.deepcopy.go:592.25,595.3 2 0
github.com/LogicIQ/konductor/api/v1/zz_generated.deepcopy.go:596.2,596.26 1 0
github.com/LogicIQ/konductor/api/v1/zz_generated.deepcopy.go:596.26,599.22 3 0
github.com/LogicIQ/konductor/api/v1/zz_generated.deepcopy.go:599.22,601.4 1 0
github.com/LogicIQ/konductor/api/v1/zz_generated.deepcopy.go:606.48,607.15 1 0
github.com/LogicIQ/konductor/api/v1/zz_generated.deepcopy.go:607.15,609.3 1 0
github.com/LogicIQ/konductor/api/v1/zz_generated.deepcopy.go:610.2,612.12 3 0
github.com/LogicIQ/konductor/api/v1/zz_generated.deepcopy.go:616.45,622.2 5 0
github.com/LogicIQ/konductor/api/v1/zz_generated.deepcopy.go:625.38,626.15 1 0
github.com/LogicIQ/konductor/api/v1/zz_generated.deepcopy.go:626.15,628.3 1 0
github.com/LogicIQ/konductor/api/v1/zz_generated.deepcopy.go:629.2,631.12 3 0
github.com/LogicIQ/konductor/api/v1/zz_generated.deepcopy.go:635.51,636.34 1 0
github.com/LogicIQ/konductor/api/v1/zz_generated.deepcopy.go:636.34,638.3 1 0
github.com/LogicIQ/konductor/api/v1/zz_generated.deepcopy.go:639.2,639.12 1 0
github.com/LogicIQ/konductor/api/v1/zz_generated.deepcopy.go:643.53,647.21 4 0
github.com/LogicIQ/konductor/api/v1/zz_generated.deepcopy.go:647.21,650.22 3 0
github.com/LogicIQ/konductor/api/v1/zz_generated.deepcopy.go:650.22,652.4 1 0
github.com/LogicIQ/konductor/api/v1/zz_generated.deepcopy.go:657.46,658.15 1 0
github.com/LogicIQ/konductor/api/v1/zz_generated.deepcopy.go:658.15,660.3 1 0
github.com/LogicIQ/konductor/api/v1/zz_generated.deepcopy.go:661.2,663.12 3 0
github.com/LogicIQ/konductor/api/v1/zz_generated.deepcopy.go:667.55,668.34 1 0
github.com/LogicIQ/konductor/api/v1/zz_generated.deepcopy.go:668.34,670.3 1 0
github.com/LogicIQ/konductor/api/v1/zz_generated.deepcopy.go:671.2,671.12 1 0
github.com/LogicIQ/konductor/api/v1/zz_generated.deepcopy.go:675.53,677.19 2 0
github.com/LogicIQ/konductor/api/v1/zz_generated.deepcopy.go:677.19,681.3 3 0
github.com/LogicIQ/konductor/api/v1/zz_generated.deepcopy.go:685.46,686.15 1 0
github.com/LogicIQ/konductor/api/v1/zz_generated.deepcopy.go:686.15,688.3 1 0
github.com/LogicIQ/konductor/api/v1/zz_generated.deepcopy.go:689.2,691.12 3 0
github.com/LogicIQ/konductor/api/v1/zz_generated.deepcopy.go:695.57,697.26 2 0
github.com/LogicIQ/konductor/api/v1/zz_generated.deepcopy.go:697.26,700.3 2 0
github.com/LogicIQ/konductor/api/v1/zz_generated.deepcopy.go:701.2,701.25 1 0
github.com/LogicIQ/konductor/api/v1/zz_generated.deepcopy.go:701.25,704.3 2 0
github.com/LogicIQ/konductor/api/v1/zz_generated.deepcopy.go:705.2,705.26 1 0
github.com/LogicIQ/konductor/api/v1/zz_generated.deepcopy.go:705.26,708.22 3 0
github.com/LogicIQ/konductor/api/v1/zz_generated.deepcopy.go:708.22,710.4 1 0
github.com/LogicIQ/konductor/api/v1/zz_generated.deepcopy.go:715.50,716.15 1 0
github.com/LogicIQ/konductor/api/v1/zz_generated.deepcopy.go:716.15,718.3 1 0
github.com/LogicIQ/konductor/api/v1/zz_generated.deepcopy.go:719.2,721.12 3 0
github.com/LogicIQ/konductor/api/v1/zz_generated.deepcopy.go:725.51,731.2 5 0
github.com/LogicIQ/konductor/api/v1/zz_generated.deepcopy.go:734.44,735.15 1 0
github.com/LogicIQ/konductor/api/v1/zz_generated.deepcopy.go:735.15,737.3 1 0
github.com/LogicIQ/konductor/api/v1/zz_generated.deepcopy.go:738.2,740.12 3 0
github.com/LogicIQ/konductor/api/v1/zz_generated.deepcopy.go:744.54,745.34 1 0
github.com/LogicIQ/konductor/api/v1/zz_generated.deepcopy.go:745.34,747.3 1 0
github.com/LogicIQ/konductor/api/v1/zz_generated.deepcopy.go:748.2,748.12 1 0
github.com/LogicIQ/konductor/api/v1/zz_generated.deepcopy.go:752.59,756.21 4 0
github.com/LogicIQ/konductor/api/v1/zz_generated.deepcopy.go:756.21,759.22 3 0
github.com/LogicIQ/konductor/api/v1/zz_generated.deepcopy.go:759.22,761.4 1 0
github.com/LogicIQ/konductor/api/v1/zz_generated.deepcopy.go:766.52,767.15 1 0
github.com/LogicIQ/konductor/api/v1/zz_generated.deepcopy.go:767.15,769.3 1 0
github.com/LogicIQ/konductor/api/v1/zz_generated.deepcopy.go:770.2,772.12 3 0
github.com/LogicIQ/konductor/api/v1/zz_generated.deepcopy.go:776.58,777.34 1 0
github.com/LogicIQ/konductor/api/v1/zz_generated.deepcopy.go:777.34,779.3 1 0
github.com/LogicIQ/konductor/api/v1/zz_generated.deepcopy.go:780.2,780.12 1 0
github.com/LogicIQ/konductor/api/v1/zz_generated.deepcopy.go:784.59,786.19 2 0
github.com/LogicIQ/konductor/api/v1/zz_generated.deepcopy.go:786.19,790.3 3 0
github.com/LogicIQ/konductor/api/v1/zz_generated.deepcopy.go:794.52,795.15 1 0
github.com/LogicIQ/konductor/api/v1/zz_generated.deepcopy.go:795.15,797.3 1 0
github.com/LogicIQ/konductor/api/v1/zz_generated.deepcopy.go:798.2,800.12 3 0
github.com/LogicIQ/konductor/api/v1/zz_generated.deepcopy.go:804.63,806.26 2 0
github.com/LogicIQ/konductor/api/v1/zz_generated.deepcopy.go:806.26,809.22 3 0
github.com/LogicIQ/konductor/api/v1/zz_generated.deepcopy.go:809.22,811.4 1 0
github.com/LogicIQ/konductor/api/v1/zz_generated.deepcopy.go:816.56,817.15 1 0
github.com/LogicIQ/konductor/api/v1/zz_generated.deepcopy.go:817.15,819.3 1 0
github.com/LogicIQ/konductor/api/v1/zz_generated.deepcopy.go:820.2,822.12 3 0
github.com/LogicIQ/konductor/sdk/go/gate/gate.go:17.98,22.27 2 2
github.com/LogicIQ/konductor/sdk/go/gate/gate.go:22.27,24.3 1 0
github.com/LogicIQ/konductor/sdk/go/gate/gate.go:26.2,28.6 2 2
github.com/LogicIQ/konductor/sdk/go/gate/gate.go:28.6,33.25 2 2
github.com/LogicIQ/konductor/sdk/go/gate/gate.go:33.25,35.4 1 0
github.com/LogicIQ/konductor/sdk/go/gate/gate.go:37.3,37.28 1 2
github.com/LogicIQ/konductor/sdk/go/gate/gate.go:38.29,39.14 1 1
github.com/LogicIQ/konductor/sdk/go/gate/gate.go:40.31,41.45 1 1
github.com/LogicIQ/konductor/sdk/go/gate/gate.go:42.32,44.70 1 0
github.com/LogicIQ/konductor/sdk/go/gate/gate.go:44.70,46.5 1 0
github.com/LogicIQ/konductor/sdk/go/gate/gate.go:49.4,49.11 1 0
github.com/LogicIQ/konductor/sdk/go/gate/gate.go:50.22,51.21 1 0
github.com/LogicIQ/konductor/sdk/go/gate/gate.go:52.40,52.40 0 0
github.com/LogicIQ/konductor/sdk/go/gate/gate.go:60.81,65.24 2 2
github.com/LogicIQ/konductor/sdk/go/gate/gate.go:65.24,67.3 1 0
github.com/LogicIQ/konductor/sdk/go/gate/gate.go:69.2,69.55 1 2
github.com/LogicIQ/konductor/sdk/go/gate/gate.go:73.113,78.24 2 1
github.com/LogicIQ/konductor/sdk/go/gate/gate.go:78.24,80.3 1 0
github.com/LogicIQ/konductor/sdk/go/gate/gate.go:82.2,82.43 1 1
github.com/LogicIQ/konductor/sdk/go/gate/gate.go:86.136,91.27 2 0
github.com/LogicIQ/konductor/sdk/go/gate/gate.go:91.27,93.3 1 0
github.com/LogicIQ/konductor/sdk/go/gate/gate.go:95.2,97.6 2 0
github.com/LogicIQ/konductor/sdk/go/gate/gate.go:97.6,99.17 2 0
github.com/LogicIQ/konductor/sdk/go/gate/gate.go:99.17,101.4 1 0
github.com/LogicIQ/konductor/sdk/go/gate/gate.go:104.3,105.43 2 0
github.com/LogicIQ/konductor/sdk/go/gate/gate.go:105.43,107.41 2 0
github.com/LogicIQ/konductor/sdk/go/gate/gate.go:107.41,108.35 1 0
github.com/LogicIQ/konductor/sdk/go/gate/gate.go:108.35,110.24 2 0
github.com/LogicIQ/konductor/sdk/go/gate/gate.go:110.24,112.12 2 0
github.com/LogicIQ/konductor/sdk/go/gate/gate.go:116.4,116.14 1 0
github.com/LogicIQ/konductor/sdk/go/gate/gate.go:116.14,118.10 2 0
github.com/LogicIQ/konductor/sdk/go/gate/gate.go:122.3,122.13 1 0
github.com/LogicIQ/konductor/sdk/go/gate/gate.go:122.13,124.4 1 0
github.com/LogicIQ/konductor/sdk/go/gate/gate.go:127.3,127.69 1 0
github.com/LogicIQ/konductor/sdk/go/gate/gate.go:127.69,129.4 1 0
github.com/LogicIQ/konductor/sdk/go/gate/gate.go:132.3,132.10 1 0
github.com/LogicIQ/konductor/sdk/go/gate/gate.go:133.21,134.20 1 0
github.com/LogicIQ/konductor/sdk/go/gate/gate.go:135.39,135.39 0 0
github.com/LogicIQ/konductor/sdk/go/gate/gate.go:142.115,143.52 1 0
github.com/LogicIQ/konductor/sdk/go/gate/gate.go:143.52,145.3 1 0
github.com/LogicIQ/konductor/sdk/go/gate/gate.go:146.2,146.13 1 0
github.com/LogicIQ/konductor/sdk/go/gate/gate.go:150.76,152.91 2 1
github.com/LogicIQ/konductor/sdk/go/gate/gate.go:152.91,154.3 1 0
github.com/LogicIQ/konductor/sdk/go/gate/gate.go:155.2,155.25 1 1
github.com/LogicIQ/konductor/sdk/go/gate/gate.go:159.87,164.24 2 2
github.com/LogicIQ/konductor/sdk/go/gate/gate.go:164.24,166.3 1 0
github.com/LogicIQ/konductor/sdk/go/gate/gate.go:167.2,167.19 1 2
github.com/LogicIQ/konductor/sdk/go/gate/gate.go:171.99,173.16 2 1
github.com/LogicIQ/konductor/sdk/go/gate/gate.go:173.16,175.3 1 0
github.com/LogicIQ/konductor/sdk/go/gate/gate.go:176.2,176.26 1 1
github.com/LogicIQ/konductor/sdk/go/gate/gate.go:180.74,191.2 2 1
github.com/LogicIQ/konductor/sdk/go/gate/gate.go:194.74,202.2 2 1
github.com/LogicIQ/konductor/sdk/go/gate/gate.go:205.80,207.2 1 1
github.com/LogicIQ/konductor/sdk/go/gate/gate.go:210.72,212.16 2 0
github.com/LogicIQ/konductor/sdk/go/gate/gate.go:212.16,214.3 1 0
github.com/LogicIQ/konductor/sdk/go/gate/gate.go:215.2,216.49 2 0
github.com/LogicIQ/konductor/sdk/go/gate/gate.go:220.73,222.16 2 0
github.com/LogicIQ/konductor/sdk/go/gate/gate.go:222.16,224.3 1 0
github.com/LogicIQ/konductor/sdk/go/gate/gate.go:225.2,226.49 2 0
github.com/LogicIQ/konductor/sdk/go/examples/basic_usage.go:16.26,21.16 2 0
github.com/LogicIQ/konductor/sdk/go/examples/basic_usage.go:21.16,23.3 1 0
github.com/LogicIQ/konductor/sdk/go/examples/basic_usage.go:25.2,29.54 3 0
github.com/LogicIQ/konductor/sdk/go/examples/basic_usage.go:29.54,31.3 1 0
github.com/LogicIQ/konductor/sdk/go/examples/basic_usage.go:34.2,35.52 2 0
github.com/LogicIQ/konductor/sdk/go/examples/basic_usage.go:35.52,37.3 1 0
github.com/LogicIQ/konductor/sdk/go/examples/basic_usage.go:40.2,41.50 2 0
github.com/LogicIQ/konductor/sdk/go/examples/basic_usage.go:41.50,43.3 1 0
github.com/LogicIQ/konductor/sdk/go/examples/basic_usage.go:46.2,47.49 2 0
github.com/LogicIQ/konductor/sdk/go/examples/basic_usage.go:47.49,49.3 1 0
github.com/LogicIQ/konductor/sdk/go/examples/basic_usage.go:52.76,59.16 2 0
github.com/LogicIQ/konductor/sdk/go/examples/basic_usage.go:59.16,61.3 1 0
github.com/LogicIQ/konductor/sdk/go/examples/basic_usage.go:62.2,71.12 6 0
github.com/LogicIQ/konductor/sdk/go/examples/basic_usage.go:74.74,79.16 2 0
github.com/LogicIQ/konductor/sdk/go/examples/basic_usage.go:79.16,81.3 1 0
github.com/LogicIQ/konductor/sdk/go/examples/basic_usage.go:83.2,92.16 4 0
github.com/LogicIQ/konductor/sdk/go/examples/basic_usage.go:92.16,94.3 1 0
github.com/LogicIQ/konductor/sdk/go/examples/basic_usage.go:96.2,97.12 2 0
github.com/LogicIQ/konductor/sdk/go/examples/basic_usage.go:100.72,107.16 2 0
github.com/LogicIQ/konductor/sdk/go/examples/basic_usage.go:107.16,109.3 1 0
github.com/LogicIQ/konductor/sdk/go/examples/basic_usage.go:110.2,119.12 6 0
github.com/LogicIQ/konductor/sdk/go/examples/basic_usage.go:122.71,127.16 2 0
github.com/LogicIQ/konductor/sdk/go/examples/basic_usage.go:127.16,129.3 1 0
github.com/LogicIQ/konductor/sdk/go/examples/basic_usage.go:131.2,135.16 3 0
github.com/LogicIQ/konductor/sdk/go/examples/basic_usage.go:135.16,137.3 1 0
github.com/LogicIQ/konductor/sdk/go/examples/basic_usage.go:139.2,140.39 2 0
github.com/LogicIQ/konductor/sdk/go/examples/basic_usage.go:140.39,142.20 2 0
github.com/LogicIQ/konductor/sdk/go/examples/basic_usage.go:142.20,144.4 1 0
github.com/LogicIQ/konductor/sdk/go/examples/basic_usage.go:145.3,145.92 1 0
github.com/LogicIQ/konductor/sdk/go/examples/basic_usage.go:148.2,148.12 1 0
github.com/LogicIQ/konductor/sdk/go/examples/sdk_usage.go:12.24,17.16 2 0
github.com/LogicIQ/konductor/sdk/go/examples/sdk_usage.go:17.16,19.3 1 0
github.com/LogicIQ/konductor/sdk/go/examples/sdk_usage.go:21.2,27.31 5 0
github.com/LogicIQ/konductor/sdk/go/examples/sdk_usage.go:30.74,36.16 3 0
github.com/LogicIQ/konductor/sdk/go/examples/sdk_usage.go:36.16,39.3 2 0
github.com/LogicIQ/konductor/sdk/go/examples/sdk_usage.go:40.2,44.16 3 0
github.com/LogicIQ/konductor/sdk/go/examples/sdk_usage.go:44.16,47.3 2 0
github.com/LogicIQ/konductor/sdk/go/examples/sdk_usage.go:48.2,52.16 3 0
github.com/LogicIQ/konductor/sdk/go/examples/sdk_usage.go:52.16,55.3 2 0
github.com/LogicIQ/konductor/sdk/go/examples/sdk_usage.go:56.2,62.16 3 0
github.com/LogicIQ/konductor/sdk/go/examples/sdk_usage.go:62.16,65.3 2 0
github.com/LogicIQ/konductor/sdk/go/examples/sdk_usage.go:66.2,69.76 2 0
github.com/LogicIQ/konductor/sdk/go/examples/sdk_usage.go:69.76,73.3 3 0
github.com/LogicIQ/konductor/sdk/go/examples/sdk_usage.go:74.2,74.16 1 0
github.com/LogicIQ/konductor/sdk/go/examples/sdk_usage.go:74.16,76.3 1 0
github.com/LogicIQ/konductor/sdk/go/examples/sdk_usage.go:79.2,80.16 2 0
github.com/LogicIQ/konductor/sdk/go/examples/sdk_usage.go:80.16,82.3 1 0
github.com/LogicIQ/konductor/sdk/go/examples/sdk_usage.go:82.8,84.3 1 0
github.com/LogicIQ/konductor/sdk/go/examples/sdk_usage.go:87.2,89.16 3 0
github.com/LogicIQ/konductor/sdk/go/examples/sdk_usage.go:89.16,91.3 1 0
github.com/LogicIQ/konductor/sdk/go/examples/sdk_usage.go:91.8,93.3 1 0
github.com/LogicIQ/konductor/sdk/go/examples/sdk_usage.go:96.2,97.16 2 0
github.com/LogicIQ/konductor/sdk/go/examples/sdk_usage.go:97.16,99.3 1 0
github.com/LogicIQ/konductor/sdk/go/examples/sdk_usage.go:99.8,101.3 1 0
github.com/LogicIQ/konductor/sdk/go/examples/sdk_usage.go:103.2,103.15 1 0
github.com/LogicIQ/konductor/sdk/go/examples/sdk_usage.go:106.72,111.16 3 0
github.com/LogicIQ/konductor/sdk/go/examples/sdk_usage.go:111.16,114.3 2 0
github.com/LogicIQ/konductor/sdk/go/examples/sdk_usage.go:115.2,119.16 3 0
github.com/LogicIQ/konductor/sdk/go/examples/sdk_usage.go:119.16,122.3 2 0
github.com/LogicIQ/konductor/sdk/go/examples/sdk_usage.go:123.2,127.16 3 0
github.com/LogicIQ/konductor/sdk/go/examples/sdk_usage.go:127.16,130.3 2 0
github.com/LogicIQ/konductor/sdk/go/examples/sdk_usage.go:131.2,136.16 3 0
github.com/LogicIQ/konductor/sdk/go/examples/sdk_usage.go:136.16,139.3 2 0
github.com/LogicIQ/konductor/sdk/go/examples/sdk_usage.go:140.2,145.16 3 0
github.com/LogicIQ/konductor/sdk/go/examples/sdk_usage.go:145.16,148.3 2 0
github.com/LogicIQ/konductor/sdk/go/examples/sdk_usage.go:149.2,154.16 3 0
github.com/LogicIQ/konductor/sdk/go/examples/sdk_usage.go:154.16,156.3 1 0
github.com/LogicIQ/konductor/sdk/go/examples/sdk_usage.go:156.8,158.3 1 0
github.com/LogicIQ/konductor/sdk/go/examples/sdk_usage.go:161.2,161.72 1 0
github.com/LogicIQ/konductor/sdk/go/examples/sdk_usage.go:161.72,164.3 2 0
github.com/LogicIQ/konductor/sdk/go/examples/sdk_usage.go:167.2,169.16 3 0
github.com/LogicIQ/konductor/sdk/go/examples/sdk_usage.go:169.16,171.3 1 0
github.com/LogicIQ/konductor/sdk/go/examples/sdk_usage.go:171.8,173.3 1 0
github.com/LogicIQ/konductor/sdk/go/examples/sdk_usage.go:176.2,177.16 2 0
github.com/LogicIQ/konductor/sdk/go/examples/sdk_usage.go:177.16,179.3 1 0
github.com/LogicIQ/konductor/sdk/go/examples/sdk_usage.go:179.8,181.3 1 0
github.com/LogicIQ/konductor/sdk/go/examples/sdk_usage.go:183.2,183.15 1 0
github.com/LogicIQ/konductor/sdk/go/examples/sdk_usage.go:186.69,191.16 3 0
github.com/LogicIQ/konductor/sdk/go/examples/sdk_usage.go:191.16,194.3 2 0
github.com/LogicIQ/konductor/sdk/go/examples/sdk_usage.go:195.2,199.16 3 0
github.com/LogicIQ/konductor/sdk/go/examples/sdk_usage.go:199.16,202.3 2 0
github.com/LogicIQ/konductor/sdk/go/examples/sdk_usage.go:203.2,207.16 3 0
github.com/LogicIQ/konductor/sdk/go/examples/sdk_usage.go:207.16,210.3 2 0
github.com/LogicIQ/konductor/sdk/go/examples/sdk_usage.go:211.2,215.16 3 0
github.com/LogicIQ/konductor/sdk/go/examples/sdk_usage.go:215.16,217.3 1 0
github.com/LogicIQ/konductor/sdk/go/examples/sdk_usage.go:217.8,219.3 1 0
github.com/LogicIQ/konductor/sdk/go/examples/sdk_usage.go:222.2,223.16 2 0
github.com/LogicIQ/konductor/sdk/go/examples/sdk_usage.go:223.16,225.3 1 0
github.com/LogicIQ/konductor/sdk/go/examples/sdk_usage.go:225.8,227.3 1 0
github.com/LogicIQ/konductor/sdk/go/examples/sdk_usage.go:230.2,232.16 2 0
github.com/LogicIQ/konductor/sdk/go/examples/sdk_usage.go:232.16,234.3 1 0
github.com/LogicIQ/konductor/sdk/go/examples/sdk_usage.go:234.8,236.3 1 0
github.com/LogicIQ/konductor/sdk/go/examples/sdk_usage.go:239.2,239.66 1 0
github.com/LogicIQ/konductor/sdk/go/examples/sdk_usage.go:239.66,242.3 2 0
github.com/LogicIQ/konductor/sdk/go/examples/sdk_usage.go:245.2,246.16 2 0
github.com/LogicIQ/konductor/sdk/go/examples/sdk_usage.go:246.16,248.3 1 0
github.com/LogicIQ/konductor/sdk/go/examples/sdk_usage.go:248.8,250.3 1 0
github.com/LogicIQ/konductor/sdk/go/examples/sdk_usage.go:254.2,255.16 2 0
github.com/LogicIQ/konductor/sdk/go/examples/sdk_usage.go:255.16,257.3 1 0
github.com/LogicIQ/konductor/sdk/go/examples/sdk_usage.go:257.8,259.3 1 0
github.com/LogicIQ/konductor/sdk/go/examples/sdk_usage.go:262.2,263.16 2 0
github.com/LogicIQ/konductor/sdk/go/examples/sdk_usage.go:263.16,265.3 1 0
github.com/LogicIQ/konductor/sdk/go/examples/sdk_usage.go:265.8,267.3 1 0
github.com/LogicIQ/konductor/sdk/go/examples/sdk_usage.go:269.2,269.15 1 0
github.com/LogicIQ/konductor/sdk/go/examples/sdk_usage.go:272.70,278.16 3 0
github.com/LogicIQ/konductor/sdk/go/examples/sdk_usage.go:278.16,281.3 2 0
github.com/LogicIQ/konductor/sdk/go/examples/sdk_usage.go:282.2,286.16 3 0
github.com/LogicIQ/konductor/sdk/go/examples/sdk_usage.go:286.16,289.3 2 0
github.com/LogicIQ/konductor/sdk/go/examples/sdk_usage.go:290.2,294.16 3 0
github.com/LogicIQ/konductor/sdk/go/examples/sdk_usage.go:294.16,297.3 2 0
github.com/LogicIQ/konductor/sdk/go/examples/sdk_usage.go:298.2,302.16 3 0
github.com/LogicIQ/konductor/sdk/go/examples/sdk_usage.go:302.16,304.3 1 0
github.com/LogicIQ/konductor/sdk/go/examples/sdk_usage.go:304.8,306.3 1 0
github.com/LogicIQ/konductor/sdk/go/examples/sdk_usage.go:309.2,311.16 2 0
github.com/LogicIQ/konductor/sdk/go/examples/sdk_usage.go:311.16,313.3 1 0
github.com/LogicIQ/konductor/sdk/go/examples/sdk_usage.go:313.8,318.17 3 0
github.com/LogicIQ/konductor/sdk/go/examples/sdk_usage.go:318.17,320.4 1 0
github.com/LogicIQ/konductor/sdk/go/examples/sdk_usage.go:320.9,322.4 1 0
github.com/LogicIQ/konductor/sdk/go/examples/sdk_usage.go:326.2,330.16 2 0
github.com/LogicIQ/konductor/sdk/go/examples/sdk_usage.go:330.16,332.3 1 0
github.com/LogicIQ/konductor/sdk/go/examples/sdk_usage.go:332.8,336.69 2 0
github.com/LogicIQ/konductor/sdk/go/examples/sdk_usage.go:336.69,340.4 3 0
github.com/LogicIQ/konductor/sdk/go/examples/sdk_usage.go:343.3,344.17 2 0
github.com/LogicIQ/konductor/sdk/go/examples/sdk_usage.go:344.17,346.4 1 0
github.com/LogicIQ/konductor/sdk/go/examples/sdk_usage.go:346.9,348.4 1 0
github.com/LogicIQ/konductor/sdk/go/examples/sdk_usage.go:352.2,354.16 3 0
github.com/LogicIQ/konductor/sdk/go/examples/sdk_usage.go:354.16,356.3 1 0
github.com/LogicIQ/konductor/sdk/go/examples/sdk_usage.go:356.8,358.3 1 0
github.com/LogicIQ/konductor/sdk/go/examples/sdk_usage.go:361.2,362.16 2 0
github.com/LogicIQ/konductor/sdk/go/examples/sdk_usage.go:362.16,364.3 1 0
github.com/LogicIQ/konductor/sdk/go/examples/sdk_usage.go:364.8,366.3 1 0
github.com/LogicIQ/konductor/sdk/go/examples/sdk_usage.go:368.2,368.15 1 0
github.com/LogicIQ/konductor/sdk/go/examples/sdk_usage.go:372.80,375.16 2 0
github.com/LogicIQ/konductor/sdk/go/examples/sdk_usage.go:375.16,378.17 2 0
github.com/LogicIQ/konductor/sdk/go/examples/sdk_usage.go:378.17,380.4 1 0
github.com/LogicIQ/konductor/sdk/go/examples/sdk_usage.go:384.2,387.16 2 0
github.com/LogicIQ/konductor/sdk/go/examples/sdk_usage.go:387.16,389.3 1 0
github.com/LogicIQ/konductor/sdk/go/examples/sdk_usage.go:392.2,392.15 1 0
github.com/LogicIQ/konductor/sdk/go/examples/sdk_usage.go:392.15,393.56 1 0
github.com/LogicIQ/konductor/sdk/go/examples/sdk_usage.go:393.56,395.4 1 0
github.com/LogicIQ/konductor/sdk/go/examples/sdk_usage.go:399.2,402.12 3 0
github.com/LogicIQ/konductor/sdk/go/examples/sdk_usage.go:406.75,409.31 2 0
github.com/LogicIQ/konductor/sdk/go/examples/sdk_usage.go:409.31,411.17 2 0
github.com/LogicIQ/konductor/sdk/go/examples/sdk_usage.go:411.17,413.4 1 0
github.com/LogicIQ/konductor/sdk/go/examples/sdk_usage.go:417.2,425.16 5 0
github.com/LogicIQ/konductor/sdk/go/examples/sdk_usage.go:425.16,427.3 1 0
github.com/LogicIQ/konductor/sdk/go/examples/sdk_usage.go:430.2,432.16 2 0
github.com/LogicIQ/konductor/sdk/go/examples/sdk_usage.go:432.16,434.3 1 0
github.com/LogicIQ/konductor/sdk/go/examples/sdk_usage.go:436.2,441.31 2 0
github.com/LogicIQ/konductor/sdk/go/examples/sdk_usage.go:441.31,443.3 1 0
github.com/LogicIQ/konductor/sdk/go/examples/sdk_usage.go:445.2,445.12 1 0
github.com/LogicIQ/konductor/cli/barrier.go:14.37,28.2 7 5
github.com/LogicIQ/konductor/cli/barrier.go:30.41,37.55 2 7
github.com/LogicIQ/konductor/cli/barrier.go:37.55,46.19 5 2
github.com/LogicIQ/konductor/cli/barrier.go:46.19,48.5 1 0
github.com/LogicIQ/konductor/cli/barrier.go:51.4,51.74 1 2
github.com/LogicIQ/konductor/cli/barrier.go:51.74,53.5 1 1
github.com/LogicIQ/konductor/cli/barrier.go:56.4,57.25 2 1
github.com/LogicIQ/konductor/cli/barrier.go:57.25,63.5 1 1
github.com/LogicIQ/konductor/cli/barrier.go:65.4,65.14 1 1
github.com/LogicIQ/konductor/cli/barrier.go:69.2,71.12 2 7
github.com/LogicIQ/konductor/cli/barrier.go:74.43,84.55 2 7
github.com/LogicIQ/konductor/cli/barrier.go:84.55,93.21 5 2
github.com/LogicIQ/konductor/cli/barrier.go:93.21,95.5 1 0
github.com/LogicIQ/konductor/cli/barrier.go:95.10,95.27 1 2
github.com/LogicIQ/konductor/cli/barrier.go:95.27,97.5 1 1
github.com/LogicIQ/konductor/cli/barrier.go:100.4,100.76 1 2
github.com/LogicIQ/konductor/cli/barrier.go:100.76,102.5 1 0
github.com/LogicIQ/konductor/cli/barrier.go:105.4,105.21 1 2
github.com/LogicIQ/konductor/cli/barrier.go:105.21,107.5 1 0
github.com/LogicIQ/konductor/cli/barrier.go:109.4,113.18 3 2
github.com/LogicIQ/konductor/cli/barrier.go:113.18,119.5 1 2
github.com/LogicIQ/konductor/cli/barrier.go:121.4,121.14 1 2
github.com/LogicIQ/konductor/cli/barrier.go:125.2,128.12 3 7
github.com/LogicIQ/konductor/cli/barrier.go:131.41,135.55 1 6
github.com/LogicIQ/konductor/cli/barrier.go:135.55,143.18 4 1
github.com/LogicIQ/konductor/cli/barrier.go:143.18,145.5 1 0
github.com/LogicIQ/konductor/cli/barrier.go:147.4,147.26 1 1
github.com/LogicIQ/konductor/cli/barrier.go:147.26,150.5 2 0
github.com/LogicIQ/konductor/cli/barrier.go:152.4,152.31 1 1
github.com/LogicIQ/konductor/cli/barrier.go:152.31,154.33 2 2
github.com/LogicIQ/konductor/cli/barrier.go:154.33,156.6 1 0
github.com/LogicIQ/konductor/cli/barrier.go:158.5,164.6 1 2
github.com/LogicIQ/konductor/cli/barrier.go:167.4,167.14 1 1
github.com/LogicIQ/konductor/cli/barrier.go:171.2,171.12 1 6
github.com/LogicIQ/konductor/cli/barrier.go:174.43,185.55 2 6
github.com/LogicIQ/konductor/cli/barrier.go:185.55,192.19 5 1
github.com/LogicIQ/konductor/cli/barrier.go:192.19,194.5 1 0
github.com/LogicIQ/konductor/cli/barrier.go:195.4,195.18 1 1
github.com/LogicIQ/konductor/cli/barrier.go:195.18,197.5 1 0
github.com/LogicIQ/konductor/cli/barrier.go:199.4,199.77 1 1
github.com/LogicIQ/konductor/cli/barrier.go:199.77,201.5 1 0
github.com/LogicIQ/konductor/cli/barrier.go:203.4,207.14 2 1
github.com/LogicIQ/konductor/cli/barrier.go:211.2,215.12 4 6
github.com/LogicIQ/konductor/cli/barrier.go:218.43,223.55 1 6
github.com/LogicIQ/konductor/cli/barrier.go:223.55,229.67 4 1
github.com/LogicIQ/konductor/cli/barrier.go:229.67,231.5 1 0
github.com/LogicIQ/konductor/cli/barrier.go:233.4,234.14 2 1
github.com/LogicIQ/konductor/cli/barrier.go:238.2,238.12 1 6
github.com/LogicIQ/konductor/cli/gate.go:14.34,29.2 8 5
github.com/LogicIQ/konductor/cli/gate.go:31.38,38.55 2 7
github.com/LogicIQ/konductor/cli/gate.go:38.55,47.19 5 2
github.com/LogicIQ/konductor/cli/gate.go:47.19,49.5 1 0
github.com/LogicIQ/konductor/cli/gate.go:52.4,52.68 1 2
github.com/LogicIQ/konductor/cli/gate.go:52.68,54.5 1 1
github.com/LogicIQ/konductor/cli/gate.go:56.4,57.14 2 1
github.com/LogicIQ/konductor/cli/gate.go:61.2,63.12 2 7
github.com/LogicIQ/konductor/cli/gate.go:66.38,70.55 1 6
github.com/LogicIQ/konductor/cli/gate.go:70.55,78.18 4 1
github.com/LogicIQ/konductor/cli/gate.go:78.18,80.5 1 0
github.com/LogicIQ/konductor/cli/gate.go:82.4,82.23 1 1
github.com/LogicIQ/konductor/cli/gate.go:82.23,85.5 2 0
github.com/LogicIQ/konductor/cli/gate.go:87.4,87.28 1 1
github.com/LogicIQ/konductor/cli/gate.go:87.28,89.33 2 2
github.com/LogicIQ/konductor/cli/gate.go:89.33,91.6 1 0
github.com/LogicIQ/konductor/cli/gate.go:93.5,95.55 3 2
github.com/LogicIQ/konductor/cli/gate.go:95.55,96.20 1 3
github.com/LogicIQ/konductor/cli/gate.go:96.20,98.7 1 2
github.com/LogicIQ/konductor/cli/gate.go:101.5,110.55 2 2
github.com/LogicIQ/konductor/cli/gate.go:110.55,117.6 1 3
github.com/LogicIQ/konductor/cli/gate.go:120.4,120.14 1 1
github.com/LogicIQ/konductor/cli/gate.go:124.2,124.12 1 6
github.com/LogicIQ/konductor/cli/gate.go:127.40,132.55 1 6
github.com/LogicIQ/konductor/cli/gate.go:132.55,138.61 4 1
github.com/LogicIQ/konductor/cli/gate.go:138.61,140.5 1 0
github.com/LogicIQ/konductor/cli/gate.go:142.4,143.14 2 1
github.com/LogicIQ/konductor/cli/gate.go:147.2,147.12 1 6
github.com/LogicIQ/konductor/cli/gate.go:150.40,155.55 1 6
github.com/LogicIQ/konductor/cli/gate.go:155.55,161.61 4 1
github.com/LogicIQ/konductor/cli/gate.go:161.61,163.5 1 0
github.com/LogicIQ/konductor/cli/gate.go:165.4,166.14 2 1
github.com/LogicIQ/konductor/cli/gate.go:170.2,170.12 1 6
github.com/LogicIQ/konductor/cli/gate.go:173.38,178.55 1 6
github.com/LogicIQ/konductor/cli/gate.go:178.55,184.59 4 1
github.com/LogicIQ/konductor/cli/gate.go:184.59,186.5 1 0
github.com/LogicIQ/konductor/cli/gate.go:188.4,189.14 2 1
github.com/LogicIQ/konductor/cli/gate.go:193.2,193.12 1 6
github.com/LogicIQ/konductor/cli/gate.go:196.39,201.55 1 6
github.com/LogicIQ/konductor/cli/gate.go:201.55,207.60 4 1
github.com/LogicIQ/konductor/cli/gate.go:207.60,209.5 1 0
github.com/LogicIQ/konductor/cli/gate.go:211.4,212.14 2 1
github.com/LogicIQ/konductor/cli/gate.go:216.2,216.12 1 6
github.com/LogicIQ/konductor/cli/lease.go:16.35,30.2 7 5
github.com/LogicIQ/konductor/cli/lease.go:32.42,44.55 2 5
github.com/LogicIQ/konductor/cli/lease.go:44.55,53.20 5 0
github.com/LogicIQ/konductor/cli/lease.go:53.20,55.5 1 0
github.com/LogicIQ/konductor/cli/lease.go:56.4,56.20 1 0
github.com/LogicIQ/konductor/cli/lease.go:56.20,58.5 1 0
github.com/LogicIQ/konductor/cli/lease.go:59.4,59.19 1 0
github.com/LogicIQ/konductor/cli/lease.go:59.19,61.5 1 0
github.com/LogicIQ/konductor/cli/lease.go:64.4,65.18 2 0
github.com/LogicIQ/konductor/cli/lease.go:65.18,67.5 1 0
github.com/LogicIQ/konductor/cli/lease.go:69.4,70.14 2 0
github.com/LogicIQ/konductor/cli/lease.go:74.2,79.12 5 5
github.com/LogicIQ/konductor/cli/lease.go:82.42,89.55 2 5
github.com/LogicIQ/konductor/cli/lease.go:89.55,93.20 3 0
github.com/LogicIQ/konductor/cli/lease.go:93.20,95.21 2 0
github.com/LogicIQ/konductor/cli/lease.go:95.21,97.6 1 0
github.com/LogicIQ/konductor/cli/lease.go:101.4,104.70 2 0
github.com/LogicIQ/konductor/cli/lease.go:104.70,106.5 1 0
github.com/LogicIQ/konductor/cli/lease.go:108.4,109.14 2 0
github.com/LogicIQ/konductor/cli/lease.go:113.2,115.12 2 5
github.com/LogicIQ/konductor/cli/lease.go:118.39,122.55 1 6
github.com/LogicIQ/konductor/cli/lease.go:122.55,130.18 4 1
github.com/LogicIQ/konductor/cli/lease.go:130.18,132.5 1 0
github.com/LogicIQ/konductor/cli/lease.go:134.4,134.24 1 1
github.com/LogicIQ/konductor/cli/lease.go:134.24,137.5 2 0
github.com/LogicIQ/konductor/cli/lease.go:139.4,139.29 1 1
github.com/LogicIQ/konductor/cli/lease.go:139.29,141.21 2 2
github.com/LogicIQ/konductor/cli/lease.go:141.21,143.6 1 1
github.com/LogicIQ/konductor/cli/lease.go:145.5,146.35 2 2
github.com/LogicIQ/konductor/cli/lease.go:146.35,148.6 1 0
github.com/LogicIQ/konductor/cli/lease.go:150.5,156.6 1 2
github.com/LogicIQ/konductor/cli/lease.go:159.4,159.14 1 1
github.com/LogicIQ/konductor/cli/lease.go:163.2,163.12 1 6
github.com/LogicIQ/konductor/cli/lease.go:166.41,173.55 2 6
github.com/LogicIQ/konductor/cli/lease.go:173.55,180.15 5 1
github.com/LogicIQ/konductor/cli/lease.go:180.15,182.5 1 1
github.com/LogicIQ/konductor/cli/lease.go:183.4,183.72 1 1
github.com/LogicIQ/konductor/cli/lease.go:183.72,185.5 1 0
github.com/LogicIQ/konductor/cli/lease.go:187.4,188.14 2 1
github.com/LogicIQ/konductor/cli/lease.go:192.2,194.12 2 6
github.com/LogicIQ/konductor/cli/lease.go:197.41,202.55 1 6
github.com/LogicIQ/konductor/cli/lease.go:202.55,208.63 4 1
github.com/LogicIQ/konductor/cli/lease.go:208.63,210.5 1 0
github.com/LogicIQ/konductor/cli/lease.go:212.4,213.14 2 1
github.com/LogicIQ/konductor/cli/lease.go:217.2,217.12 1 6
github.com/LogicIQ/konductor/cli/main.go:32.13,33.34 1 0
github.com/LogicIQ/konductor/cli/main.go:33.34,35.3 1 0
github.com/LogicIQ/konductor/cli/main.go:38.22,43.68 1 0
github.com/LogicIQ/konductor/cli/main.go:43.68,44.39 1 0
github.com/LogicIQ/konductor/cli/main.go:44.39,46.5 1 0
github.com/LogicIQ/konductor/cli/main.go:47.4,47.30 1 0
github.com/LogicIQ/konductor/cli/main.go:51.2,81.42 23 0
github.com/LogicIQ/konductor/cli/main.go:81.42,84.3 2 0
github.com/LogicIQ/konductor/cli/main.go:86.2,87.12 2 0
github.com/LogicIQ/konductor/cli/main.go:90.25,92.35 2 3
github.com/LogicIQ/konductor/cli/main.go:93.15,94.29 1 0
github.com/LogicIQ/konductor/cli/main.go:95.14,96.28 1 2
github.com/LogicIQ/konductor/cli/main.go:97.25,98.28 1 0
github.com/LogicIQ/konductor/cli/main.go:99.15,100.29 1 0
github.com/LogicIQ/konductor/cli/main.go:101.10,102.28 1 1
github.com/LogicIQ/konductor/cli/main.go:105.2,106.45 2 3
github.com/LogicIQ/konductor/cli/main.go:106.45,110.3 3 1
github.com/LogicIQ/konductor/cli/main.go:110.8,114.3 3 2
github.com/LogicIQ/konductor/cli/main.go:116.2,122.12 6 3
github.com/LogicIQ/konductor/cli/main.go:125.47,133.16 6 0
github.com/LogicIQ/konductor/cli/main.go:133.16,135.3 1 0
github.com/LogicIQ/konductor/cli/main.go:137.2,138.16 2 0
github.com/LogicIQ/konductor/cli/main.go:138.16,140.3 1 0
github.com/LogicIQ/konductor/cli/main.go:142.2,143.16 2 0
github.com/LogicIQ/konductor/cli/main.go:143.16,145.3 1 0
github.com/LogicIQ/konductor/cli/main.go:148.2,148.49 1 0
github.com/LogicIQ/konductor/cli/main.go:148.49,150.3 1 0
github.com/LogicIQ/konductor/cli/main.go:152.2,152.12 1 0
github.com/LogicIQ/konductor/cli/main.go:155.31,156.101 1 4
github.com/LogicIQ/konductor/cli/main.go:156.101,158.15 2 0
github.com/LogicIQ/konductor/cli/main.go:158.15,161.4 2 0
github.com/LogicIQ/konductor/cli/main.go:164.2,164.48 1 4
github.com/LogicIQ/konductor/cli/main.go:164.48,167.3 2 2
github.com/LogicIQ/konductor/cli/main.go:169.2,169.44 1 2
github.com/LogicIQ/konductor/cli/main.go:169.44,172.3 2 1
github.com/LogicIQ/konductor/cli/main.go:174.2,174.22 1 1
github.com/LogicIQ/konductor/cli/main.go:174.22,176.3 1 0
github.com/LogicIQ/konductor/cli/main.go:178.2,178.67 1 1
github.com/LogicIQ/konductor/cli/main.go:178.67,179.52 1 0
github.com/LogicIQ/konductor/cli/main.go:179.52,180.72 1 0
github.com/LogicIQ/konductor/cli/main.go:180.72,183.5 2 0
github.com/LogicIQ/konductor/cli/main.go:187.2,188.18 2 1
github.com/LogicIQ/konductor/cli/operator.go:12.38,20.55 3 0
github.com/LogicIQ/konductor/cli/operator.go:20.55,22.4 1 0
github.com/LogicIQ/konductor/cli/operator.go:25.2,28.12 3 0
github.com/LogicIQ/konductor/cli/operator.go:31.100,46.2 5 0
github.com/LogicIQ/konductor/cli/operator.go:48.37,51.2 2 2
github.com/LogicIQ/konductor/cli/operator.go:53.58,61.16 4 3
github.com/LogicIQ/konductor/cli/operator.go:61.16,63.3 1 0
github.com/LogicIQ/konductor/cli/operator.go:64.2,67.38 3 3
github.com/LogicIQ/konductor/cli/operator.go:67.38,69.3 1 2
github.com/LogicIQ/konductor/cli/operator.go:70.2,70.29 1 1
github.com/LogicIQ/konductor/cli/operator.go:73.55,74.40 1 3
github.com/LogicIQ/konductor/cli/operator.go:74.40,76.3 1 0
github.com/LogicIQ/konductor/cli/operator.go:77.2,77.30 1 3
github.com/LogicIQ/konductor/cli/semaphore.go:17.39,31.2 7 5
github.com/LogicIQ/konductor/cli/semaphore.go:33.46,46.55 2 6
github.com/LogicIQ/konductor/cli/semaphore.go:46.55,55.20 5 1
github.com/LogicIQ/konductor/cli/semaphore.go:55.20,57.5 1 0
github.com/LogicIQ/konductor/cli/semaphore.go:58.4,58.15 1 1
github.com/LogicIQ/konductor/cli/semaphore.go:58.15,60.5 1 1
github.com/LogicIQ/konductor/cli/semaphore.go:61.4,61.19 1 1
github.com/LogicIQ/konductor/cli/semaphore.go:61.19,63.5 1 0
github.com/LogicIQ/konductor/cli/semaphore.go:66.4,67.18 2 1
github.com/LogicIQ/konductor/cli/semaphore.go:67.18,69.5 1 0
github.com/LogicIQ/konductor/cli/semaphore.go:72.4,72.21 1 1
github.com/LogicIQ/konductor/cli/semaphore.go:72.21,74.5 1 0
github.com/LogicIQ/konductor/cli/semaphore.go:76.4,77.14 2 1
github.com/LogicIQ/konductor/cli/semaphore.go:81.2,87.12 6 6
github.com/LogicIQ/konductor/cli/semaphore.go:90.46,97.55 2 5
github.com/LogicIQ/konductor/cli/semaphore.go:97.55,101.20 3 0
github.com/LogicIQ/konductor/cli/semaphore.go:101.20,103.21 2 0
github.com/LogicIQ/konductor/cli/semaphore.go:103.21,105.6 1 0
github.com/LogicIQ/konductor/cli/semaphore.go:109.4,113.18 3 0
github.com/LogicIQ/konductor/cli/semaphore.go:113.18,115.5 1 0
github.com/LogicIQ/konductor/cli/semaphore.go:117.4,118.35 2 0
github.com/LogicIQ/konductor/cli/semaphore.go:118.35,119.37 1 0
github.com/LogicIQ/konductor/cli/semaphore.go:119.37,121.11 2 0
github.com/LogicIQ/konductor/cli/semaphore.go:125.4,125.29 1 0
github.com/LogicIQ/konductor/cli/semaphore.go:125.29,128.5 2 0
github.com/LogicIQ/konductor/cli/semaphore.go:130.4,130.73 1 0
github.com/LogicIQ/konductor/cli/semaphore.go:130.73,132.5 1 0
github.com/LogicIQ/konductor/cli/semaphore.go:134.4,135.14 2 0
github.com/LogicIQ/konductor/cli/semaphore.go:139.2,141.12 2 5
github.com/LogicIQ/konductor/cli/semaphore.go:144.43,148.55 1 9
github.com/LogicIQ/konductor/cli/semaphore.go:148.55,156.18 4 4
github.com/LogicIQ/konductor/cli/semaphore.go:156.18,158.5 1 0
github.com/LogicIQ/konductor/cli/semaphore.go:160.4,160.28 1 4
github.com/LogicIQ/konductor/cli/semaphore.go:160.28,163.5 2 1
github.com/LogicIQ/konductor/cli/semaphore.go:165.4,165.35 1 3
github.com/LogicIQ/konductor/cli/semaphore.go:165.35,173.5 1 4
github.com/LogicIQ/konductor/cli/semaphore.go:175.4,175.14 1 3
github.com/LogicIQ/konductor/cli/semaphore.go:179.2,179.12 1 9
github.com/LogicIQ/konductor/cli/semaphore.go:182.45,192.55 2 6
github.com/LogicIQ/konductor/cli/semaphore.go:192.55,199.15 5 1
github.com/LogicIQ/konductor/cli/semaphore.go:199.15,201.5 1 0
github.com/LogicIQ/konductor/cli/semaphore.go:202.4,202.89 1 1
github.com/LogicIQ/konductor/cli/semaphore.go:202.89,204.5 1 0
github.com/LogicIQ/konductor/cli/semaphore.go:206.4,207.14 2 1
github.com/LogicIQ/konductor/cli/semaphore.go:211.2,214.12 3 6
github.com/LogicIQ/konductor/cli/semaphore.go:217.45,222.55 1 6
github.com/LogicIQ/konductor/cli/semaphore.go:222.55,228.71 4 1
github.com/LogicIQ/konductor/cli/semaphore.go:228.71,230.5 1 0
github.com/LogicIQ/konductor/cli/semaphore.go:232.4,233.14 2 1
github.com/LogicIQ/konductor/cli/semaphore.go:237.2,237.12 1 6
github.com/LogicIQ/konductor/cli/status.go:17.36,31.2 7 6
github.com/LogicIQ/konductor/cli/status.go:33.45,38.55 1 6
github.com/LogicIQ/konductor/cli/status.go:38.55,47.18 5 0
github.com/LogicIQ/konductor/cli/status.go:47.18,49.5 1 0
github.com/LogicIQ/konductor/cli/status.go:51.4,61.85 2 0
github.com/LogicIQ/konductor/cli/status.go:61.85,62.36 1 0
github.com/LogicIQ/konductor/cli/status.go:62.36,64.40 2 0
github.com/LogicIQ/konductor/cli/status.go:64.40,66.7 1 0
github.com/LogicIQ/konductor/cli/status.go:67.6,70.7 1 0
github.com/LogicIQ/konductor/cli/status.go:74.4,74.14 1 0
github.com/LogicIQ/konductor/cli/status.go:78.2,78.12 1 6
github.com/LogicIQ/konductor/cli/status.go:81.43,86.55 1 6
github.com/LogicIQ/konductor/cli/status.go:86.55,95.18 5 0
github.com/LogicIQ/konductor/cli/status.go:95.18,97.5 1 0
github.com/LogicIQ/konductor/cli/status.go:99.4,107.30 2 0
github.com/LogicIQ/konductor/cli/status.go:107.30,109.5 1 0
github.com/LogicIQ/konductor/cli/status.go:111.4,111.34 1 0
github.com/LogicIQ/konductor/cli/status.go:111.34,113.5 1 0
github.com/LogicIQ/konductor/cli/status.go:115.4,117.36 2 0
github.com/LogicIQ/konductor/cli/status.go:117.36,118.49 1 0
github.com/LogicIQ/konductor/cli/status.go:118.49,120.6 1 0
github.com/LogicIQ/konductor/cli/status.go:123.4,123.14 1 0
github.com/LogicIQ/konductor/cli/status.go:127.2,127.12 1 6
github.com/LogicIQ/konductor/cli/status.go:130.41,135.55 1 6
github.com/LogicIQ/konductor/cli/status.go:135.55,144.18 5 0
github.com/LogicIQ/konductor/cli/status.go:144.18,146.5 1 0
github.com/LogicIQ/konductor/cli/status.go:148.4,155.29 2 0
github.com/LogicIQ/konductor/cli/status.go:155.29,157.35 2 0
github.com/LogicIQ/konductor/cli/status.go:157.35,159.6 1 0
github.com/LogicIQ/konductor/cli/status.go:160.5,160.34 1 0
github.com/LogicIQ/konductor/cli/status.go:160.34,162.6 1 0
github.com/LogicIQ/konductor/cli/status.go:163.5,163.72 1 0
github.com/LogicIQ/konductor/cli/status.go:166.4,169.72 2 0
github.com/LogicIQ/konductor/cli/status.go:169.72,170.34 1 0
github.com/LogicIQ/konductor/cli/status.go:170.34,171.61 1 0
github.com/LogicIQ/konductor/cli/status.go:171.61,173.35 2 0
github.com/LogicIQ/konductor/cli/status.go:173.35,175.8 1 0
github.com/LogicIQ/konductor/cli/status.go:176.7,179.8 1 0
github.com/LogicIQ/konductor/cli/status.go:184.4,184.14 1 0
github.com/LogicIQ/konductor/cli/status.go:188.2,188.12 1 6
github.com/LogicIQ/konductor/cli/status.go:191.40,196.55 1 6
github.com/LogicIQ/konductor/cli/status.go:196.55,205.18 5 0
github.com/LogicIQ/konductor/cli/status.go:205.18,207.5 1 0
github.com/LogicIQ/konductor/cli/status.go:209.4,215.32 2 0
github.com/LogicIQ/konductor/cli/status.go:215.32,217.5 1 0
github.com/LogicIQ/konductor/cli/status.go:219.4,221.48 2 0
github.com/LogicIQ/konductor/cli/status.go:221.48,225.44 3 0
github.com/LogicIQ/konductor/cli/status.go:225.44,229.6 3 0
github.com/LogicIQ/konductor/cli/status.go:231.5,238.30 2 0
github.com/LogicIQ/konductor/cli/status.go:238.30,240.6 1 0
github.com/LogicIQ/konductor/cli/status.go:241.5,241.31 1 0
github.com/LogicIQ/konductor/cli/status.go:241.31,243.6 1 0
github.com/LogicIQ/konductor/cli/status.go:245.5,245.44 1 0
github.com/LogicIQ/konductor/cli/status.go:248.4,248.14 1 0
github.com/LogicIQ/konductor/cli/status.go:252.2,252.12 1 6
github.com/LogicIQ/konductor/cli/status.go:255.39,259.55 1 6
github.com/LogicIQ/konductor/cli/status.go:259.55,268.66 4 1
github.com/LogicIQ/konductor/cli/status.go:268.66,270.36 2 1
github.com/LogicIQ/konductor/cli/status.go:270.36,277.6 1 0
github.com/LogicIQ/konductor/cli/status.go:281.4,281.62 1 1
github.com/LogicIQ/konductor/cli/status.go:281.62,283.32 2 1
github.com/LogicIQ/konductor/cli/status.go:283.32,290.6 1 0
github.com/LogicIQ/konductor/cli/status.go:294.4,294.58 1 1
github.com/LogicIQ/konductor/cli/status.go:294.58,296.30 2 1
github.com/LogicIQ/konductor/cli/status.go:296.30,298.31 2 0
github.com/LogicIQ/konductor/cli/status.go:298.31,300.7 1 0
github.com/LogicIQ/konductor/cli/status.go:301.6,305.7 1 0
github.com/LogicIQ/konductor/cli/status.go:310.4,310.56 1 1
github.com/LogicIQ/konductor/cli/status.go:310.56,312.29 2 1
github.com/LogicIQ/konductor/cli/status.go:312.29,314.56 2 0
github.com/LogicIQ/konductor/cli/status.go:314.56,315.21 1 0
github.com/LogicIQ/konductor/cli/status.go:315.21,317.8 1 0
github.com/LogicIQ/konductor/cli/status.go:319.6,324.7 1 0
github.com/LogicIQ/konductor/cli/status.go:328.4,328.14 1 1
github.com/LogicIQ/konductor/cli/status.go:332.2,332.12 1 6
github.com/LogicIQ/konductor/cli/test_helpers.go:12.81,14.24 1 15
github.com/LogicIQ/konductor/cli/test_helpers.go:14.24,16.3 1 2
github.com/LogicIQ/konductor/cli/test_helpers.go:19.2,24.28 5 15
github.com/LogicIQ/konductor/cli/test_helpers.go:24.28,28.3 3 1
github.com/LogicIQ/konductor/cli/test_helpers.go:28.8,30.3 1 14
github.com/LogicIQ/konductor/cli/test_helpers.go:32.2,44.44 7 15
github.com/LogicIQ/konductor/cli/version.go:8.37,12.48 1 0
github.com/LogicIQ/konductor/cli/version.go:12.48,18.4 1 0
github.com/LogicIQ/konductor/cli/version.go:21.2,21.12 1 0
